2020-10-21T12:05:27.652Z warn: 配置路由
2020-10-21T12:05:27.664Z warn: 3000---
2020-10-22T00:46:50.676Z warn: 配置路由
2020-10-22T00:46:50.687Z warn: 3000---
2020-10-22T00:47:48.584Z warn: 配置路由
2020-10-22T00:47:48.595Z warn: 3000---
2020-10-22T00:49:55.615Z warn: 配置路由
2020-10-22T00:49:55.625Z warn: 3000---
2020-10-22T01:08:32.230Z warn: 配置路由
2020-10-22T01:08:32.240Z warn: 3000---
2020-10-23T06:48:05.026Z info: 数据库连接成功
2020-10-23T06:48:05.038Z warn: 配置路由
2020-10-23T06:48:05.045Z warn: 3000---
2020-10-23T06:50:49.373Z info: 数据库连接成功
2020-10-23T06:50:49.383Z warn: 配置路由
2020-10-23T06:50:49.388Z warn: 3000---
2020-10-23T06:50:51.116Z info: 用户查询开始
2020-10-23T06:51:49.200Z info: 数据库连接成功
2020-10-23T06:51:49.213Z warn: 配置路由
2020-10-23T06:51:49.219Z warn: 3000---
2020-10-23T06:51:51.716Z info: 用户查询开始
2020-10-23T06:51:54.130Z info: 用户查询开始
2020-10-23T06:52:43.290Z info: 数据库连接成功
2020-10-23T06:52:43.301Z warn: 配置路由
2020-10-23T06:52:43.308Z warn: 3000---
2020-10-23T06:52:48.952Z info: 用户查询开始
2020-10-23T06:54:25.516Z info: 数据库连接成功
2020-10-23T06:54:25.525Z warn: 配置路由
2020-10-23T06:54:25.532Z warn: 3000---
2020-10-23T06:54:28.028Z info: 用户查询开始
2020-10-23T06:55:37.579Z info: 数据库连接成功
2020-10-23T06:55:37.594Z warn: 配置路由
2020-10-23T06:55:37.600Z warn: 3000---
2020-10-23T06:55:42.104Z info: 用户查询开始
2020-10-23T06:56:53.814Z info: 数据库连接成功
2020-10-23T06:56:53.825Z warn: 配置路由
2020-10-23T06:56:53.832Z warn: 3000---
2020-10-23T06:58:13.061Z info: 数据库连接成功
2020-10-23T06:58:13.077Z warn: 配置路由
2020-10-23T06:58:13.084Z warn: 3000---
2020-10-23T06:58:15.181Z info: 用户查询开始
2020-10-23T06:59:03.465Z info: 数据库连接成功
2020-10-23T06:59:03.475Z warn: 配置路由
2020-10-23T06:59:03.481Z warn: 3000---
2020-10-23T07:47:21.761Z info: 数据库连接成功
2020-10-23T07:47:21.775Z warn: 配置路由
2020-10-23T07:47:21.781Z warn: 3000---
2020-10-23T07:49:00.566Z info: 数据库连接成功
2020-10-23T07:49:00.589Z warn: 配置路由
2020-10-23T07:49:00.595Z warn: 3000---
2020-10-23T07:51:46.487Z info: 数据库连接成功
2020-10-23T07:51:46.502Z warn: 配置路由
2020-10-23T07:51:46.509Z warn: 3000---
2020-10-23T07:55:25.156Z info: 数据库连接成功
2020-10-23T07:55:25.171Z warn: 配置路由
2020-10-23T07:55:25.178Z warn: 3000---
2020-10-23T07:55:55.456Z info: 数据库连接成功
2020-10-23T07:55:55.471Z warn: 配置路由
2020-10-23T07:55:55.477Z warn: 3000---
2020-10-23T07:57:32.157Z info: 数据库连接成功
2020-10-23T07:57:32.167Z warn: 配置路由
2020-10-23T07:57:32.173Z warn: 3000---
2020-10-23T07:57:38.996Z info: 用户查询开始
2020-10-23T08:02:25.567Z info: 数据库连接成功
2020-10-23T08:02:25.577Z warn: 配置路由
2020-10-23T08:02:25.582Z warn: 3000---
2020-10-23T08:02:32.105Z info: 用户查询开始
2020-10-23T08:03:32.943Z info: 数据库连接成功
2020-10-23T08:03:32.955Z warn: 配置路由
2020-10-23T08:03:32.961Z warn: 3000---
2020-10-23T08:03:42.920Z info: 用户查询开始
2020-10-23T08:35:00.269Z info: 数据库连接成功
2020-10-23T08:35:00.283Z warn: 配置路由
2020-10-23T08:35:00.289Z warn: 3000---
2020-10-23T08:35:30.608Z info: 用户查询开始
2020-10-23T08:44:50.708Z info: 数据库连接成功
2020-10-23T08:44:50.721Z warn: 配置路由
2020-10-23T08:44:50.727Z warn: 3000---
2020-10-23T08:44:57.000Z info: 用户查询开始
2020-10-23T08:46:31.269Z info: 数据库连接成功
2020-10-23T08:46:31.284Z warn: 配置路由
2020-10-23T08:46:31.290Z warn: 3000---
2020-10-23T09:13:47.542Z info: 数据库连接成功
2020-10-23T09:13:47.561Z warn: 配置路由
2020-10-23T09:13:47.566Z warn: 3000---
2020-10-23T09:13:51.027Z info: 用户查询开始
2020-10-23T09:13:51.115Z info: 用户查询结束
2020-10-23T10:08:29.779Z info: 数据库连接成功
2020-10-23T10:08:29.798Z warn: 配置路由
2020-10-23T10:08:29.804Z warn: 3000---
2020-10-23T10:09:01.581Z info: 数据库连接成功
2020-10-23T10:09:01.604Z warn: 配置路由
2020-10-23T10:09:01.611Z warn: 3000---
2020-10-25T07:35:05.286Z info: 数据库连接成功
2020-10-25T07:35:05.343Z warn: 配置路由
2020-10-25T07:35:05.349Z warn: 3000---
2020-10-25T07:39:53.894Z info: 数据库连接成功
2020-10-25T07:39:53.948Z warn: 配置路由
2020-10-25T07:39:53.954Z warn: 3000---
2020-10-25T07:41:21.916Z info: 数据库连接成功
2020-10-25T07:41:21.970Z warn: 配置路由
2020-10-25T07:41:21.976Z warn: 3000---
2020-10-25T07:45:00.774Z info: 数据库连接成功
2020-10-25T07:45:00.825Z warn: 配置路由
2020-10-25T07:45:00.831Z warn: 3000---
2020-10-25T07:51:48.418Z info: 数据库连接成功
2020-10-25T07:51:48.491Z warn: 配置路由
2020-10-25T07:51:48.497Z warn: 3000---
2020-10-25T07:52:32.560Z info: 数据库连接成功
2020-10-25T07:52:32.616Z warn: 配置路由
2020-10-25T07:52:32.623Z warn: 3000---
2020-10-25T07:53:06.248Z info: 数据库连接成功
2020-10-25T07:53:06.307Z warn: 配置路由
2020-10-25T07:53:06.313Z warn: 3000---
2020-10-25T07:54:18.330Z info: 数据库连接成功
2020-10-25T07:54:18.386Z warn: 配置路由
2020-10-25T07:54:18.393Z warn: 3000---
2020-10-25T07:55:29.531Z info: 数据库连接成功
2020-10-25T07:55:29.588Z warn: 配置路由
2020-10-25T07:55:29.595Z warn: 3000---
2020-10-25T07:57:30.056Z info: 数据库连接成功
2020-10-25T07:57:30.169Z warn: 配置路由
2020-10-25T07:57:30.184Z warn: 3000---
2020-10-25T08:01:43.469Z info: 数据库连接成功
2020-10-25T08:01:43.560Z warn: 配置路由
2020-10-25T08:01:43.570Z warn: 3000---
2020-10-25T11:13:08.648Z info: 数据库连接成功
2020-10-25T11:13:08.698Z warn: 配置路由
2020-10-25T11:13:08.704Z warn: 3000---
2020-10-25T11:18:07.029Z info: 数据库连接成功
2020-10-25T11:18:07.079Z warn: 配置路由
2020-10-25T11:18:07.085Z warn: 3000---
2020-10-25T11:19:49.837Z info: 数据库连接成功
2020-10-25T11:19:49.893Z warn: 配置路由
2020-10-25T11:19:49.898Z warn: 3000---
2020-10-25T11:21:20.622Z info: 数据库连接成功
2020-10-25T11:21:20.679Z warn: 配置路由
2020-10-25T11:21:20.685Z warn: 3000---
2020-10-25T11:22:55.585Z info: 数据库连接成功
2020-10-25T11:22:55.640Z warn: 配置路由
2020-10-25T11:22:55.646Z warn: 3000---
2020-10-25T11:24:46.290Z info: 数据库连接成功
2020-10-25T11:24:46.344Z warn: 配置路由
2020-10-25T11:24:46.350Z warn: 3000---
2020-10-25T11:27:06.453Z info: 数据库连接成功
2020-10-25T11:27:06.507Z warn: 配置路由
2020-10-25T11:27:06.513Z warn: 3000---
2020-10-25T11:37:13.894Z info: 数据库连接成功
2020-10-25T11:37:13.947Z warn: 配置路由
2020-10-25T11:37:13.954Z warn: 3000---
2020-10-25T11:38:53.226Z info: 数据库连接成功
2020-10-25T11:38:53.275Z warn: 配置路由
2020-10-25T11:38:53.281Z warn: 3000---
2020-10-25T11:42:57.268Z info: 数据库连接成功
2020-10-25T11:42:57.321Z warn: 配置路由
2020-10-25T11:42:57.328Z warn: 3000---
2020-10-25T11:44:24.934Z info: 数据库连接成功
2020-10-25T11:44:24.989Z warn: 配置路由
2020-10-25T11:44:24.996Z warn: 3000---
2020-10-25T11:46:00.361Z info: 数据库连接成功
2020-10-25T11:46:00.417Z warn: 配置路由
2020-10-25T11:46:00.422Z warn: 3000---
2020-10-25T11:51:36.193Z info: 数据库连接成功
2020-10-25T11:51:36.247Z warn: 配置路由
2020-10-25T11:51:36.253Z warn: 3000---
2020-10-25T11:52:27.183Z info: 数据库连接成功
2020-10-25T11:52:27.238Z warn: 配置路由
2020-10-25T11:52:27.245Z warn: 3000---
2020-10-25T11:53:45.404Z info: 数据库连接成功
2020-10-25T11:53:45.457Z warn: 配置路由
2020-10-25T11:53:45.463Z warn: 3000---
2020-10-25T11:54:32.524Z info: 数据库连接成功
2020-10-25T11:54:32.583Z warn: 配置路由
2020-10-25T11:54:32.589Z warn: 3000---
2020-10-25T11:56:45.202Z info: 数据库连接成功
2020-10-25T11:56:45.258Z warn: 配置路由
2020-10-25T11:56:45.264Z warn: 3000---
2020-10-25T11:57:19.802Z info: 数据库连接成功
2020-10-25T11:57:19.856Z warn: 配置路由
2020-10-25T11:57:19.863Z warn: 3000---
2020-10-25T12:01:43.722Z info: 数据库连接成功
2020-10-25T12:01:43.772Z warn: 配置路由
2020-10-25T12:01:43.778Z warn: 3000---
2020-10-25T12:01:55.331Z info: 调用用户登录接口开始admin admin@123
2020-10-25T12:01:55.584Z info: 用户登录成功
2020-10-26T01:38:15.863Z info: 数据库连接成功
2020-10-26T01:38:15.916Z warn: 配置路由
2020-10-26T01:38:15.922Z warn: 3000---
2020-10-26T01:38:50.704Z info: 调用用户登录接口开始admin admin@123
2020-10-26T01:38:50.798Z info: 用户登录成功
2020-10-26T01:40:24.500Z info: 数据库连接成功
2020-10-26T01:40:24.550Z warn: 配置路由
2020-10-26T01:40:24.555Z warn: 3000---
2020-10-29T03:44:03.197Z info: 数据库连接成功
2020-10-29T03:44:03.251Z warn: 配置路由
2020-10-29T03:44:03.257Z warn: 3000---
2020-10-29T05:35:38.388Z info: 数据库连接成功
2020-10-29T05:35:38.446Z warn: 配置路由
2020-10-29T05:35:38.452Z warn: 3000---
2020-10-29T05:40:48.443Z info: 数据库连接成功
2020-10-29T05:40:48.496Z warn: 配置路由
2020-10-29T05:40:48.502Z warn: 3000---
2020-10-29T05:47:15.365Z info: 数据库连接成功
2020-10-29T05:47:15.416Z warn: 配置路由
2020-10-29T05:47:15.422Z warn: 3000---
2020-10-29T05:50:10.226Z info: 数据库连接成功
2020-10-29T05:50:10.282Z warn: 配置路由
2020-10-29T05:50:10.289Z warn: 3000---
2020-10-29T05:51:13.031Z info: 数据库连接成功
2020-10-29T05:51:13.085Z warn: 配置路由
2020-10-29T05:51:13.092Z warn: 3000---
2020-10-29T05:51:57.797Z info: 数据库连接成功
2020-10-29T05:51:57.853Z warn: 配置路由
2020-10-29T05:51:57.859Z warn: 3000---
2020-10-29T05:54:36.679Z info: 数据库连接成功
2020-10-29T05:54:36.734Z warn: 配置路由
2020-10-29T05:54:36.740Z warn: 3000---
2020-10-29T05:55:44.957Z info: 数据库连接成功
2020-10-29T05:55:45.012Z warn: 配置路由
2020-10-29T05:55:45.019Z warn: 3000---
2020-10-29T05:59:08.260Z info: 数据库连接成功
2020-10-29T05:59:08.335Z warn: 配置路由
2020-10-29T05:59:08.349Z warn: 3000---
2020-10-29T05:59:21.860Z info: 数据库连接成功
2020-10-29T05:59:21.925Z warn: 配置路由
2020-10-29T05:59:21.931Z warn: 3000---
2020-10-29T05:59:49.196Z info: 数据库连接成功
2020-10-29T05:59:49.261Z warn: 配置路由
2020-10-29T05:59:49.266Z warn: 3000---
2020-10-29T06:00:07.319Z info: 数据库连接成功
2020-10-29T06:00:07.375Z warn: 配置路由
2020-10-29T06:00:07.380Z warn: 3000---
2020-10-29T06:00:11.999Z info: 数据库连接成功
2020-10-29T06:00:12.054Z warn: 配置路由
2020-10-29T06:00:12.059Z warn: 3000---
2020-10-29T06:01:12.855Z info: 数据库连接成功
2020-10-29T06:01:12.911Z warn: 配置路由
2020-10-29T06:01:12.916Z warn: 3000---
2020-10-29T06:01:51.307Z info: 数据库连接成功
2020-10-29T06:01:51.364Z warn: 配置路由
2020-10-29T06:01:51.369Z warn: 3000---
2020-10-29T06:02:48.767Z info: 数据库连接成功
2020-10-29T06:02:48.843Z warn: 配置路由
2020-10-29T06:02:48.850Z warn: 3000---
2020-10-29T06:04:05.512Z info: 数据库连接成功
2020-10-29T06:04:05.574Z warn: 配置路由
2020-10-29T06:04:05.580Z warn: 3000---
2020-10-29T06:05:03.776Z info: 数据库连接成功
2020-10-29T06:05:03.831Z warn: 配置路由
2020-10-29T06:05:03.836Z warn: 3000---
2020-10-29T06:05:04.750Z info: 数据库连接成功
2020-10-29T06:05:04.810Z warn: 配置路由
2020-10-29T06:05:04.815Z warn: 3000---
2020-10-29T06:06:12.135Z info: 数据库连接成功
2020-10-29T06:06:12.223Z warn: 配置路由
2020-10-29T06:06:12.230Z warn: 3000---
2020-10-29T06:06:25.124Z info: 数据库连接成功
2020-10-29T06:06:25.225Z warn: 配置路由
2020-10-29T06:06:25.235Z warn: 3000---
2020-10-29T06:06:46.527Z info: 数据库连接成功
2020-10-29T06:06:46.584Z warn: 配置路由
2020-10-29T06:06:46.595Z warn: 3000---
2020-10-29T06:06:51.925Z info: 数据库连接成功
2020-10-29T06:06:51.979Z warn: 配置路由
2020-10-29T06:06:51.984Z warn: 3000---
2020-10-29T06:07:02.825Z info: 数据库连接成功
2020-10-29T06:07:02.881Z warn: 配置路由
2020-10-29T06:07:02.886Z warn: 3000---
2020-10-29T06:07:58.533Z info: 数据库连接成功
2020-10-29T06:07:58.599Z warn: 配置路由
2020-10-29T06:07:58.610Z warn: 3000---
2020-10-29T06:08:00.376Z info: 数据库连接成功
2020-10-29T06:08:00.489Z warn: 配置路由
2020-10-29T06:08:00.493Z warn: 3000---
2020-10-29T06:08:03.644Z info: 调用用户登录接口开始admin admin@123
2020-10-29T06:08:04.021Z info: 用户登录成功
2020-10-29T06:12:50.954Z info: 数据库连接成功
2020-10-29T06:12:51.035Z warn: 配置路由
2020-10-29T06:12:51.044Z warn: 3000---
2020-10-29T06:13:06.454Z info: 数据库连接成功
2020-10-29T06:13:06.521Z warn: 配置路由
2020-10-29T06:13:06.532Z warn: 3000---
2020-10-29T06:14:23.578Z info: 调用用户登录接口开始admin admin@123
2020-10-29T06:14:23.657Z info: 用户登录成功
2020-10-29T06:26:54.167Z info: 数据库连接成功
2020-10-29T06:26:54.222Z warn: 配置路由
2020-10-29T06:26:54.227Z warn: 3000---
2020-10-29T06:28:13.596Z info: 调用用户登录接口开始admin11 admin@123
2020-10-29T06:28:13.673Z info: 用户登录失败
2020-10-29T06:28:20.938Z info: 调用用户登录接口开始admin11 admin@123
2020-10-29T06:28:20.945Z info: 用户登录失败
2020-10-29T06:29:20.512Z info: 调用用户登录接口开始admin11 admin@123
2020-10-29T06:29:20.544Z info: 用户登录失败
2020-10-29T06:29:20.912Z info: 调用用户登录接口开始admin11 admin@123
2020-10-29T06:29:20.919Z info: 用户登录失败
2020-10-29T06:30:03.360Z info: 数据库连接成功
2020-10-29T06:30:03.414Z warn: 配置路由
2020-10-29T06:30:03.420Z warn: 3000---
2020-10-29T06:30:06.830Z info: 数据库连接成功
2020-10-29T06:30:06.886Z warn: 配置路由
2020-10-29T06:30:06.892Z warn: 3000---
2020-10-29T06:30:09.101Z info: 调用用户登录接口开始admin11 admin@123
2020-10-29T06:30:09.173Z info: 用户登录失败
2020-10-29T06:31:21.151Z info: 数据库连接成功
2020-10-29T06:31:21.209Z warn: 配置路由
2020-10-29T06:31:21.214Z warn: 3000---
2020-10-29T06:31:25.713Z info: 调用用户登录接口开始admin11 admin@123
2020-10-29T06:31:25.795Z info: 用户登录失败
2020-10-29T06:31:37.642Z info: 调用用户登录接口开始admin11 admin@123
2020-10-29T06:31:37.654Z info: 用户登录失败
2020-10-29T06:31:52.278Z info: 数据库连接成功
2020-10-29T06:31:52.367Z warn: 配置路由
2020-10-29T06:31:52.378Z warn: 3000---
2020-10-29T06:31:53.561Z info: 数据库连接成功
2020-10-29T06:31:53.648Z warn: 配置路由
2020-10-29T06:31:53.652Z warn: 3000---
2020-10-29T06:31:56.958Z info: 调用用户登录接口开始admin11 admin@123
2020-10-29T06:31:57.030Z info: 用户登录失败
2020-10-29T06:32:25.018Z info: 调用用户登录接口开始admin11 admin@123
2020-10-29T06:32:25.032Z info: 用户登录失败
2020-10-29T06:33:42.058Z info: 调用用户登录接口开始admin admin@123
2020-10-29T06:33:42.078Z info: 用户登录成功
2020-10-29T06:36:58.643Z info: 数据库连接成功
2020-10-29T06:36:58.726Z warn: 配置路由
2020-10-29T06:36:58.735Z warn: 3000---
2020-10-29T06:37:00.071Z info: 数据库连接成功
2020-10-29T06:37:00.126Z warn: 配置路由
2020-10-29T06:37:00.130Z warn: 3000---
2020-10-29T06:37:14.177Z info: 数据库连接成功
2020-10-29T06:37:14.234Z warn: 配置路由
2020-10-29T06:37:14.239Z warn: 3000---
2020-10-29T06:37:28.368Z info: 数据库连接成功
2020-10-29T06:37:28.426Z warn: 配置路由
2020-10-29T06:37:28.431Z warn: 3000---
2020-10-29T06:39:28.638Z info: 调用用户登录接口开始admin admin@123
2020-10-29T06:39:28.717Z info: 用户登录成功
2020-10-29T06:50:18.227Z info: 调用用户登录接口开始admin admin@123
2020-10-29T06:50:18.252Z info: 用户登录成功
2020-10-29T06:51:03.555Z info: 调用用户登录接口开始admin admin@123
2020-10-29T06:51:03.566Z info: 用户登录成功
2020-10-29T06:52:01.358Z info: 调用用户登录接口开始admin admin@123
2020-10-29T06:52:01.370Z info: 用户登录成功
2020-10-29T06:52:26.324Z info: 调用用户登录接口开始admin admin@123
2020-10-29T06:52:26.332Z info: 用户登录成功
2020-10-29T06:56:00.391Z info: 调用用户登录接口开始admin admin@123
2020-10-29T06:56:00.408Z info: 用户登录成功
2020-10-29T06:56:23.203Z info: 调用用户登录接口开始admin admin@123
2020-10-29T06:56:23.236Z info: 用户登录成功
2020-10-29T06:57:13.837Z info: 调用用户登录接口开始admin admin@123
2020-10-29T06:57:13.848Z info: 用户登录成功
2020-10-29T06:57:58.413Z info: 调用用户登录接口开始admin admin@123
2020-10-29T06:57:58.424Z info: 用户登录成功
2020-10-29T06:57:59.458Z info: 用户查询开始
2020-10-29T06:57:59.487Z info: 用户查询结束
2020-10-29T07:03:59.055Z info: 用户查询开始
2020-10-29T07:03:59.071Z info: 用户查询结束
2020-10-29T07:05:59.589Z info: 用户查询开始
2020-10-29T07:05:59.601Z info: 用户查询结束
2020-10-29T07:06:11.244Z info: 调用用户登录接口开始admin admin@123
2020-10-29T07:06:11.255Z info: 用户登录成功
2020-10-29T07:06:12.137Z info: 用户查询开始
2020-10-29T07:06:12.146Z info: 用户查询结束
2020-10-29T07:07:13.504Z info: 调用用户登录接口开始admin admin@123
2020-10-29T07:07:13.518Z info: 用户登录成功
2020-10-29T07:07:14.289Z info: 用户查询开始
2020-10-29T07:07:14.300Z info: 用户查询结束
2020-10-29T07:08:07.464Z info: 调用用户登录接口开始admin admin@123
2020-10-29T07:08:07.474Z info: 用户登录成功
2020-10-29T07:08:08.526Z info: 用户查询开始
2020-10-29T07:08:08.535Z info: 用户查询结束
2020-10-29T07:08:45.308Z info: 用户查询开始
2020-10-29T07:08:45.321Z info: 用户查询结束
2020-10-29T07:20:12.032Z info: 用户查询开始
2020-10-29T07:20:12.049Z info: 用户查询结束
2020-10-29T07:21:37.863Z info: 数据库连接成功
2020-10-29T07:21:37.919Z warn: 配置路由
2020-10-29T07:21:37.924Z warn: 3000---
2020-10-29T07:21:48.819Z info: 数据库连接成功
2020-10-29T07:21:48.878Z warn: 配置路由
2020-10-29T07:21:48.882Z warn: 3000---
2020-10-29T07:22:00.798Z info: 数据库连接成功
2020-10-29T07:22:00.853Z warn: 配置路由
2020-10-29T07:22:00.858Z warn: 3000---
2020-10-29T07:22:03.941Z info: 数据库连接成功
2020-10-29T07:22:03.995Z warn: 配置路由
2020-10-29T07:22:04.000Z warn: 3000---
2020-10-29T07:23:00.976Z info: 数据库连接成功
2020-10-29T07:23:01.033Z warn: 配置路由
2020-10-29T07:23:01.038Z warn: 3000---
2020-10-29T07:23:29.830Z info: 数据库连接成功
2020-10-29T07:23:29.906Z warn: 配置路由
2020-10-29T07:23:29.911Z warn: 3000---
2020-10-29T07:30:27.567Z info: 数据库连接成功
2020-10-29T07:30:27.627Z warn: 配置路由
2020-10-29T07:30:27.639Z warn: 3000---
2020-10-29T07:30:57.662Z info: 数据库连接成功
2020-10-29T07:30:57.729Z warn: 配置路由
2020-10-29T07:30:57.740Z warn: 3000---
2020-10-29T07:30:59.939Z info: 数据库连接成功
2020-10-29T07:30:59.994Z warn: 配置路由
2020-10-29T07:30:59.998Z warn: 3000---
2020-10-29T07:31:07.784Z info: 数据库连接成功
2020-10-29T07:31:07.877Z warn: 配置路由
2020-10-29T07:31:07.888Z warn: 3000---
2020-10-29T07:31:10.553Z info: 数据库连接成功
2020-10-29T07:31:10.625Z warn: 配置路由
2020-10-29T07:31:10.630Z warn: 3000---
2020-10-29T07:31:39.940Z info: 数据库连接成功
2020-10-29T07:31:40.012Z warn: 配置路由
2020-10-29T07:31:40.024Z warn: 3000---
2020-10-29T07:33:56.379Z info: 数据库连接成功
2020-10-29T07:33:56.434Z warn: 配置路由
2020-10-29T07:33:56.438Z warn: 3000---
2020-10-29T07:34:01.670Z info: 用户查询开始
2020-10-29T07:34:01.759Z info: 用户查询结束
2020-10-29T07:34:44.176Z info: 数据库连接成功
2020-10-29T07:34:44.231Z warn: 配置路由
2020-10-29T07:34:44.236Z warn: 3000---
2020-10-29T07:34:52.058Z info: 数据库连接成功
2020-10-29T07:34:52.115Z warn: 配置路由
2020-10-29T07:34:52.121Z warn: 3000---
2020-10-29T07:35:16.003Z info: 数据库连接成功
2020-10-29T07:35:16.064Z warn: 配置路由
2020-10-29T07:35:16.069Z warn: 3000---
2020-10-29T07:35:17.845Z info: 数据库连接成功
2020-10-29T07:35:17.923Z warn: 配置路由
2020-10-29T07:35:17.929Z warn: 3000---
2020-10-29T07:35:23.904Z info: 调用用户登录接口开始admin admin@123
2020-10-29T07:35:23.980Z info: 用户登录成功
2020-10-29T07:35:24.883Z info: 用户查询开始
2020-10-29T07:35:24.895Z info: 用户查询结束
2020-10-29T07:35:58.397Z info: 数据库连接成功
2020-10-29T07:35:58.454Z warn: 配置路由
2020-10-29T07:35:58.459Z warn: 3000---
2020-10-29T07:36:03.953Z info: 调用用户登录接口开始admin admin@123
2020-10-29T07:36:04.027Z info: 用户登录成功
2020-10-29T07:36:04.837Z info: 用户查询开始
2020-10-29T07:36:04.847Z info: 用户查询结束
2020-10-29T07:36:38.699Z info: 数据库连接成功
2020-10-29T07:36:38.766Z warn: 配置路由
2020-10-29T07:36:38.772Z warn: 3000---
2020-10-29T07:36:48.683Z info: 数据库连接成功
2020-10-29T07:36:48.744Z warn: 配置路由
2020-10-29T07:36:48.749Z warn: 3000---
2020-10-29T07:37:00.681Z info: 调用用户登录接口开始admin admin@123
2020-10-29T07:37:00.755Z info: 用户登录成功
2020-10-29T07:37:01.653Z info: 用户查询开始
2020-10-29T07:37:01.666Z info: 用户查询结束
2020-10-29T07:39:58.211Z info: 用户查询开始
2020-10-29T07:39:58.221Z info: 用户查询结束
2020-10-29T07:40:41.757Z info: 用户查询开始
2020-10-29T07:40:41.772Z info: 用户查询结束
2020-10-29T07:41:24.933Z info: 用户查询开始
2020-10-29T07:41:24.943Z info: 用户查询结束
2020-10-29T07:41:57.234Z info: 数据库连接成功
2020-10-29T07:41:57.316Z warn: 配置路由
2020-10-29T07:41:57.324Z warn: 3000---
2020-10-29T07:42:03.797Z info: 用户查询开始
2020-10-29T07:42:03.892Z info: 用户查询结束
2020-10-29T07:57:44.770Z info: 数据库连接成功
2020-10-29T07:57:44.832Z warn: 配置路由
2020-10-29T07:57:44.838Z warn: 3000---
2020-10-29T07:57:48.516Z info: 数据库连接成功
2020-10-29T07:57:48.637Z warn: 配置路由
2020-10-29T07:57:48.655Z warn: 3000---
2020-10-29T07:57:54.814Z info: 用户查询开始
2020-10-29T07:57:54.908Z info: 用户查询结束
2020-10-29T07:59:02.711Z info: 用户查询开始
2020-10-29T07:59:02.733Z info: 用户查询结束
2020-10-29T10:28:34.122Z info: 数据库连接成功
2020-10-29T10:28:34.192Z warn: 配置路由
2020-10-29T10:28:34.197Z warn: 3000---
2020-10-29T10:28:42.740Z info: 调用用户登录接口开始admin admin@123
2020-10-29T10:28:42.821Z info: 用户登录成功
2020-10-29T10:28:43.709Z info: 用户查询开始
2020-10-29T10:28:43.724Z info: 用户查询结束
2020-10-29T10:29:27.982Z info: 数据库连接成功
2020-10-29T10:29:28.039Z warn: 配置路由
2020-10-29T10:29:28.044Z warn: 3000---
2020-10-29T10:32:29.632Z info: 数据库连接成功
2020-10-29T10:32:29.701Z warn: 配置路由
2020-10-29T10:32:29.706Z warn: 3000---
2020-10-29T10:32:33.686Z info: 用户查询开始
2020-10-29T10:32:33.782Z info: 用户查询结束
2020-10-29T10:35:08.663Z info: 用户查询开始
2020-10-29T10:35:08.695Z info: 用户查询结束
2020-10-29T10:36:31.010Z info: 用户查询开始
2020-10-29T10:36:31.031Z info: 用户查询结束
2020-10-29T10:37:21.088Z info: 数据库连接成功
2020-10-29T10:37:21.150Z warn: 配置路由
2020-10-29T10:37:21.155Z warn: 3000---
2020-10-29T10:37:24.980Z info: 数据库连接成功
2020-10-29T10:37:25.054Z warn: 配置路由
2020-10-29T10:37:25.061Z warn: 3000---
2020-10-29T10:37:30.438Z info: 用户查询开始
2020-10-29T10:37:30.532Z info: 用户查询结束
2020-10-29T10:40:11.830Z info: 数据库连接成功
2020-10-29T10:40:11.887Z warn: 配置路由
2020-10-29T10:40:11.892Z warn: 3000---
2020-10-29T10:40:17.715Z info: 数据库连接成功
2020-10-29T10:40:17.771Z warn: 配置路由
2020-10-29T10:40:17.776Z warn: 3000---
2020-10-29T10:40:20.280Z info: 用户查询开始
2020-10-29T10:40:20.379Z info: 用户查询结束
2020-10-29T10:46:18.936Z info: 用户查询开始
2020-10-29T10:46:18.954Z info: 用户查询结束
2020-10-29T10:46:33.707Z info: 用户查询开始
2020-10-29T10:46:33.731Z info: 用户查询结束
2020-10-29T10:47:34.225Z info: 用户查询开始
2020-10-29T10:47:34.243Z info: 用户查询结束
2020-10-29T10:54:19.851Z info: 用户查询开始
2020-10-29T10:54:19.874Z info: 用户查询结束
2020-10-29T10:58:15.226Z info: 用户查询开始
2020-10-29T10:58:15.252Z info: 用户查询结束
2020-10-29T10:59:23.809Z info: 用户查询开始
2020-10-29T10:59:23.832Z info: 用户查询结束
2020-10-29T11:02:10.503Z info: 调用用户登录接口开始admin admin@123
2020-10-29T11:02:10.523Z info: 用户登录成功
2020-10-29T11:02:11.684Z info: 用户查询开始
2020-10-29T11:02:11.703Z info: 用户查询结束
2020-10-29T11:03:00.104Z info: 用户查询开始
2020-10-29T11:03:00.116Z info: 用户查询结束
2020-10-29T11:03:27.912Z info: 用户查询开始
2020-10-29T11:03:27.926Z info: 用户查询结束
2020-10-29T11:04:15.191Z info: 用户查询开始
2020-10-29T11:04:15.203Z info: 用户查询结束
2020-10-29T11:05:28.521Z info: 用户查询开始
2020-10-29T11:05:28.532Z info: 用户查询结束
2020-10-29T11:06:25.193Z info: 用户查询开始
2020-10-29T11:06:25.203Z info: 用户查询结束
2020-10-29T11:06:57.070Z info: 用户查询开始
2020-10-29T11:06:57.084Z info: 用户查询结束
2020-10-29T11:07:41.400Z info: 用户查询开始
2020-10-29T11:07:41.416Z info: 用户查询结束
2020-10-29T11:12:03.779Z info: 调用用户登录接口开始admin admin@123
2020-10-29T11:12:03.795Z info: 用户登录成功
2020-10-29T11:12:04.897Z info: 用户查询开始
2020-10-29T11:12:04.906Z info: 用户查询结束
2020-10-29T11:33:15.223Z info: 用户查询开始
2020-10-29T11:33:15.238Z info: 用户查询结束
2020-10-29T11:35:27.574Z info: 用户查询开始
2020-10-29T11:35:27.601Z info: 用户查询结束
2020-10-29T11:35:39.687Z info: 用户查询开始
2020-10-29T11:35:39.700Z info: 用户查询结束
2020-10-29T11:40:39.947Z info: 数据库连接成功
2020-10-29T11:40:40.006Z warn: 配置路由
2020-10-29T11:40:40.012Z warn: 3000---
2020-10-29T11:50:54.133Z info: 用户查询开始
2020-10-29T11:50:54.260Z info: 用户查询结束
2020-10-29T11:52:52.756Z info: 用户查询开始
2020-10-29T11:52:52.770Z info: 用户查询结束
2020-10-29T11:54:16.587Z info: 用户查询开始
2020-10-29T11:54:16.598Z info: 用户查询结束
2020-10-29T11:55:04.781Z info: 用户查询开始
2020-10-29T11:55:04.797Z info: 用户查询结束
2020-10-29T11:56:00.052Z info: 用户查询开始
2020-10-29T11:56:00.063Z info: 用户查询结束
2020-10-29T12:48:16.663Z info: 数据库连接成功
2020-10-29T12:48:16.740Z warn: 配置路由
2020-10-29T12:48:16.746Z warn: 3000---
2020-10-30T01:25:04.177Z info: 数据库连接成功
2020-10-30T01:25:04.241Z warn: 配置路由
2020-10-30T01:25:04.246Z warn: 3000---
2020-10-30T01:25:08.820Z info: 调用用户登录接口开始admin admin@123
2020-10-30T01:25:08.934Z info: 用户登录成功
2020-10-30T01:25:09.759Z info: 用户查询开始
2020-10-30T01:25:09.769Z info: 用户查询结束
2020-10-30T01:25:53.433Z info: 用户查询开始
2020-10-30T01:25:53.449Z info: 用户查询结束
2020-10-30T01:26:23.865Z info: 用户查询开始
2020-10-30T01:26:23.880Z info: 用户查询结束
2020-10-30T01:26:59.645Z info: 用户查询开始
2020-10-30T01:26:59.660Z info: 用户查询结束
2020-10-30T01:27:26.572Z info: 用户查询开始
2020-10-30T01:27:26.585Z info: 用户查询结束
2020-10-30T01:38:51.665Z info: 用户查询开始
2020-10-30T01:38:51.679Z info: 用户查询结束
2020-10-30T01:39:04.575Z info: 用户查询开始
2020-10-30T01:39:04.588Z info: 用户查询结束
2020-10-30T07:57:14.280Z info: 用户查询开始
2020-10-30T07:57:14.314Z info: 用户查询结束
2020-10-30T07:57:44.907Z info: 用户查询开始
2020-10-30T07:57:44.919Z info: 用户查询结束
2020-10-30T08:13:32.898Z info: 用户查询开始
2020-10-30T08:13:32.911Z info: 用户查询结束
2020-10-30T08:22:58.534Z info: 调用用户登录接口开始admin admin@123
2020-10-30T08:22:58.553Z info: 用户登录成功
2020-10-30T08:22:59.901Z info: 用户查询开始
2020-10-30T08:22:59.909Z info: 用户查询结束
2020-10-30T08:23:04.275Z info: 用户查询开始
2020-10-30T08:23:04.279Z info: 用户查询结束
2020-10-30T08:59:03.364Z info: 用户查询开始
2020-10-30T08:59:03.393Z info: 用户查询结束
2020-10-30T08:59:40.134Z info: 用户查询开始
2020-10-30T08:59:40.144Z info: 用户查询结束
2020-10-30T09:00:03.375Z info: 用户查询开始
2020-10-30T09:00:03.386Z info: 用户查询结束
2020-10-30T12:02:16.288Z info: 用户查询开始
2020-10-30T12:02:16.307Z info: 用户查询结束
2020-11-02T01:49:14.179Z info: 数据库连接成功
2020-11-02T01:49:14.604Z warn: 配置路由
2020-11-02T01:49:14.608Z warn: 3000---
2020-11-02T01:49:22.089Z info: 调用用户登录接口开始admin admin@123
2020-11-02T01:49:22.336Z info: 用户登录成功
2020-11-02T01:49:23.408Z info: 用户查询开始
2020-11-02T01:49:23.417Z info: 用户查询结束
2020-11-02T02:40:55.410Z info: 用户查询开始
2020-11-02T02:40:55.441Z info: 用户查询结束
2020-11-02T02:45:37.359Z info: 用户查询开始
2020-11-02T02:45:37.375Z info: 用户查询结束
2020-11-02T03:12:56.004Z info: 用户查询开始
2020-11-02T03:12:56.015Z info: 用户查询结束
2020-11-02T03:15:43.532Z info: 用户查询开始
2020-11-02T03:15:43.542Z info: 用户查询结束
2020-11-02T03:18:20.788Z info: 用户查询开始
2020-11-02T03:18:20.797Z info: 用户查询结束
2020-11-02T03:29:16.354Z info: 用户查询开始
2020-11-02T03:29:16.362Z info: 用户查询结束
2020-11-02T03:29:33.397Z info: 用户查询开始
2020-11-02T03:29:33.406Z info: 用户查询结束
2020-11-02T03:32:54.060Z info: 用户查询开始
2020-11-02T03:32:54.068Z info: 用户查询结束
2020-11-02T03:44:41.110Z info: 用户查询开始
2020-11-02T03:44:41.120Z info: 用户查询结束
2020-11-02T03:44:52.494Z info: 用户查询开始
2020-11-02T03:44:52.503Z info: 用户查询结束
2020-11-02T03:47:29.852Z info: 用户查询开始
2020-11-02T03:47:29.859Z info: 用户查询结束
2020-11-02T03:47:41.582Z info: 用户查询开始
2020-11-02T03:47:41.590Z info: 用户查询结束
2020-11-02T05:56:26.026Z info: 用户查询开始
2020-11-02T05:56:26.037Z info: 用户查询结束
2020-11-02T06:11:39.640Z info: 用户查询开始
2020-11-02T06:11:39.649Z info: 用户查询结束
2020-11-02T06:30:17.485Z info: 数据库连接成功
2020-11-02T06:30:17.535Z warn: 配置路由
2020-11-02T06:30:17.539Z warn: 3000---
2020-11-02T06:30:18.922Z info: 数据库连接成功
2020-11-02T06:30:18.972Z warn: 配置路由
2020-11-02T06:30:18.976Z warn: 3000---
2020-11-02T07:45:51.993Z info: 用户查询开始
2020-11-02T07:45:52.109Z info: 用户查询结束
2020-11-02T07:47:39.829Z info: 用户查询开始
2020-11-02T07:47:39.840Z info: 用户查询结束
2020-11-02T07:52:19.968Z info: 用户查询开始
2020-11-02T07:52:19.978Z info: 用户查询结束
2020-11-02T07:53:23.992Z info: 用户查询开始
2020-11-02T07:53:24.003Z info: 用户查询结束
2020-11-02T07:53:53.222Z info: 用户查询开始
2020-11-02T07:53:53.231Z info: 用户查询结束
2020-11-02T07:58:01.779Z info: 用户查询开始
2020-11-02T07:58:01.786Z info: 用户查询结束
2020-11-02T07:58:15.727Z info: 用户查询开始
2020-11-02T07:58:15.735Z info: 用户查询结束
2020-11-02T07:58:44.378Z info: 用户查询开始
2020-11-02T07:58:44.387Z info: 用户查询结束
2020-11-02T08:20:37.755Z info: 用户查询开始
2020-11-02T08:20:37.763Z info: 用户查询结束
2020-11-02T08:54:00.546Z info: 数据库连接成功
2020-11-02T08:54:00.626Z warn: 配置路由
2020-11-02T08:54:00.632Z warn: 3000---
2020-11-02T10:44:35.641Z info: 数据库连接成功
2020-11-02T10:44:35.694Z warn: 配置路由
2020-11-02T10:44:35.698Z warn: 3000---
2020-11-02T10:44:37.758Z info: 数据库连接成功
2020-11-02T10:44:37.810Z warn: 配置路由
2020-11-02T10:44:37.815Z warn: 3000---
2020-11-02T10:44:39.167Z info: 数据库连接成功
2020-11-02T10:44:39.219Z warn: 配置路由
2020-11-02T10:44:39.223Z warn: 3000---
2020-11-02T10:44:41.115Z info: 数据库连接成功
2020-11-02T10:44:41.165Z warn: 配置路由
2020-11-02T10:44:41.170Z warn: 3000---
2020-11-03T02:41:43.543Z info: 数据库连接成功
2020-11-03T02:41:43.596Z warn: 配置路由
2020-11-03T02:41:43.602Z warn: 3000---
2020-11-03T02:44:13.567Z info: 调用用户登录接口开始admin admin@123
2020-11-03T02:44:13.643Z info: 用户登录失败
2020-11-03T02:44:17.411Z info: 调用用户登录接口开始admin admin@123
2020-11-03T02:44:17.417Z info: 用户登录失败
2020-11-03T02:45:57.871Z info: 数据库连接成功
2020-11-03T02:45:57.923Z warn: 配置路由
2020-11-03T02:45:57.928Z warn: 3000---
2020-11-03T02:46:04.776Z info: 调用用户登录接口开始admin admin@123
2020-11-03T02:46:04.852Z info: 用户登录成功
2020-11-03T02:46:05.910Z info: 用户查询开始
2020-11-03T02:46:05.918Z info: 添加用户{"serial_id":1,"serial_title":"gpc","serial_author":"gpc2","serial_status":1,"submission_date":"2020-11-03T02:46:05.894Z"}
2020-11-03T02:46:05.936Z info: 用户查询结束
2020-11-03T02:50:47.951Z info: 数据库连接成功
2020-11-03T02:50:48.005Z warn: 配置路由
2020-11-03T02:50:48.010Z warn: 3000---
2020-11-03T02:51:01.460Z info: 用户查询开始
2020-11-03T02:51:01.516Z info: 添加用户{"serial_id":1,"serial_title":"gpc","serial_author":"gpc2","serial_status":1,"submission_date":"2020-11-03T02:51:01.439Z"}
2020-11-03T02:51:01.584Z info: 用户查询结束
2020-11-03T02:58:19.732Z info: 数据库连接成功
2020-11-03T02:58:19.785Z warn: 配置路由
2020-11-03T02:58:19.790Z warn: 3000---
2020-11-03T02:58:25.473Z info: 用户查询开始
2020-11-03T02:58:25.531Z info: 添加用户{"serial_id":1,"serial_title":"gpc","serial_author":"gpc2","serial_status":1,"submission_date":"2020-11-03T02:58:25.451Z"}
2020-11-03T02:58:25.593Z info: 用户查询结束
2020-11-03T03:09:00.579Z info: 数据库连接成功
2020-11-03T03:09:00.645Z warn: 配置路由
2020-11-03T03:09:00.651Z warn: 3000---
2020-11-03T03:09:06.003Z info: 用户查询开始
2020-11-03T03:09:06.070Z info: 添加用户{"serial_id":1,"serial_title":"gpc","serial_author":"gpc2","serial_status":1,"submission_date":"2020-11-03T03:09:05.977Z"}
2020-11-03T03:09:06.146Z info: 用户查询结束
2020-11-03T03:13:19.809Z info: 数据库连接成功
2020-11-03T03:13:19.861Z warn: 配置路由
2020-11-03T03:13:19.866Z warn: 3000---
2020-11-03T03:13:25.100Z info: 用户查询开始
2020-11-03T03:13:25.154Z info: 添加用户{"serial_id":1,"serial_title":"gpc","serial_author":"gpc2","serial_status":1,"submission_date":"2020-11-03T03:13:25.077Z"}
2020-11-03T03:13:25.210Z info: 用户查询结束
2020-11-03T03:14:21.183Z info: 数据库连接成功
2020-11-03T03:14:21.242Z warn: 配置路由
2020-11-03T03:14:21.248Z warn: 3000---
2020-11-03T03:14:49.804Z info: 数据库连接成功
2020-11-03T03:14:49.864Z warn: 配置路由
2020-11-03T03:14:49.869Z warn: 3000---
2020-11-03T03:16:12.287Z info: 数据库连接成功
2020-11-03T03:16:12.347Z warn: 配置路由
2020-11-03T03:16:12.353Z warn: 3000---
2020-11-03T03:16:16.771Z info: 数据库连接成功
2020-11-03T03:16:16.832Z warn: 配置路由
2020-11-03T03:16:16.837Z warn: 3000---
2020-11-03T03:16:56.389Z info: 数据库连接成功
2020-11-03T03:16:56.447Z warn: 配置路由
2020-11-03T03:16:56.452Z warn: 3000---
2020-11-03T03:17:11.690Z info: 用户查询开始
2020-11-03T03:17:11.753Z info: 添加用户{"serial_id":1,"serial_title":"gpc","serial_author":"gpc2","serial_status":1,"submission_date":"2020-11-03T03:17:11.667Z"}
2020-11-03T03:17:11.822Z info: 用户查询结束
2020-11-03T03:19:49.083Z info: 数据库连接成功
2020-11-03T03:19:49.145Z warn: 配置路由
2020-11-03T03:19:49.150Z warn: 3000---
2020-11-03T03:19:53.268Z info: 用户查询开始
2020-11-03T03:19:53.322Z info: 添加用户{"serial_id":1,"serial_title":"gpc","serial_author":"gpc2","serial_status":1,"submission_date":"2020-11-03T03:19:53.243Z"}
2020-11-03T03:19:53.391Z info: 用户查询结束
2020-11-03T03:20:59.544Z info: 数据库连接成功
2020-11-03T03:20:59.602Z warn: 配置路由
2020-11-03T03:20:59.607Z warn: 3000---
2020-11-03T03:21:06.832Z info: 用户查询开始
2020-11-03T03:21:06.892Z info: 添加用户{"serial_id":1,"serial_title":"gpc","serial_author":"gpc2","serial_status":1,"submission_date":"2020-11-03T03:21:06.813Z"}
2020-11-03T03:21:06.960Z info: 用户查询结束
2020-11-03T03:21:06.970Z info: 添加用户结束
2020-11-03T03:24:26.512Z info: 用户查询开始
2020-11-03T03:24:26.524Z info: 用户查询结束
2020-11-03T03:24:28.439Z info: 用户查询开始
2020-11-03T03:24:28.446Z info: 用户查询结束
2020-11-03T03:24:29.451Z info: 添加用户{"serial_id":1,"serial_title":"gpc","serial_author":"gpc2","serial_status":1,"submission_date":"2020-11-03T03:24:29.438Z"}
2020-11-03T03:24:29.471Z info: 添加用户异常
2020-11-03T03:25:36.314Z info: 用户查询开始
2020-11-03T03:25:36.324Z info: 用户查询结束
2020-11-03T03:25:37.255Z info: 添加用户{"serial_title":"gpc","serial_author":"gpc2","serial_status":1,"submission_date":"2020-11-03T03:25:36.920Z"}
2020-11-03T03:25:37.267Z info: 添加用户结束
2020-11-03T03:25:41.768Z info: 用户查询开始
2020-11-03T03:25:41.776Z info: 用户查询结束
2020-11-03T03:25:42.767Z info: 添加用户{"serial_title":"gpc","serial_author":"gpc2","serial_status":1,"submission_date":"2020-11-03T03:25:42.761Z"}
2020-11-03T03:25:42.778Z info: 添加用户结束
2020-11-03T03:29:31.675Z info: 用户查询开始
2020-11-03T03:29:31.685Z info: 用户查询结束
2020-11-03T03:29:32.913Z info: 添加用户{"serial_title":"gpc","serial_author":"gpc2","serial_status":2,"submission_date":"2020-11-03T03:29:32.597Z"}
2020-11-03T03:29:32.928Z info: 添加用户结束
2020-11-03T03:33:28.248Z info: 用户查询开始
2020-11-03T03:33:28.255Z info: 用户查询结束
2020-11-03T03:33:29.929Z info: 添加用户{"serial_title":"gpc","serial_author":"gpc2","serial_status":2,"submission_date":"2020-11-03T03:33:29.920Z"}
2020-11-03T03:33:29.940Z info: 添加用户结束
2020-11-03T03:33:31.238Z info: 添加用户{"serial_title":"gpc","serial_author":"gpc2","serial_status":2,"submission_date":"2020-11-03T03:33:30.920Z"}
2020-11-03T03:33:31.264Z info: 添加用户结束
2020-11-03T03:33:31.938Z info: 添加用户{"serial_title":"gpc","serial_author":"gpc2","serial_status":2,"submission_date":"2020-11-03T03:33:31.920Z"}
2020-11-03T03:33:31.962Z info: 添加用户结束
2020-11-03T03:33:33.238Z info: 添加用户{"serial_title":"gpc","serial_author":"gpc2","serial_status":2,"submission_date":"2020-11-03T03:33:32.920Z"}
2020-11-03T03:33:33.265Z info: 添加用户结束
2020-11-03T03:33:33.934Z info: 添加用户{"serial_title":"gpc","serial_author":"gpc2","serial_status":2,"submission_date":"2020-11-03T03:33:33.919Z"}
2020-11-03T03:33:33.961Z info: 添加用户结束
2020-11-03T03:33:35.237Z info: 添加用户{"serial_title":"gpc","serial_author":"gpc2","serial_status":2,"submission_date":"2020-11-03T03:33:34.920Z"}
2020-11-03T03:33:35.272Z info: 添加用户结束
2020-11-03T03:33:36.267Z info: 添加用户{"serial_title":"gpc","serial_author":"gpc2","serial_status":2,"submission_date":"2020-11-03T03:33:35.921Z"}
2020-11-03T03:33:36.281Z info: 添加用户结束
2020-11-03T03:33:37.239Z info: 添加用户{"serial_title":"gpc","serial_author":"gpc2","serial_status":2,"submission_date":"2020-11-03T03:33:36.920Z"}
2020-11-03T03:33:37.250Z info: 添加用户结束
2020-11-03T03:33:37.942Z info: 添加用户{"serial_title":"gpc","serial_author":"gpc2","serial_status":2,"submission_date":"2020-11-03T03:33:37.921Z"}
2020-11-03T03:33:37.967Z info: 添加用户结束
2020-11-03T03:33:39.235Z info: 添加用户{"serial_title":"gpc","serial_author":"gpc2","serial_status":2,"submission_date":"2020-11-03T03:33:38.920Z"}
2020-11-03T03:33:39.266Z info: 添加用户结束
2020-11-03T03:33:39.936Z info: 添加用户{"serial_title":"gpc","serial_author":"gpc2","serial_status":2,"submission_date":"2020-11-03T03:33:39.920Z"}
2020-11-03T03:33:39.954Z info: 添加用户结束
2020-11-03T03:33:41.234Z info: 添加用户{"serial_title":"gpc","serial_author":"gpc2","serial_status":2,"submission_date":"2020-11-03T03:33:40.920Z"}
2020-11-03T03:33:41.251Z info: 添加用户结束
2020-11-03T03:33:41.925Z info: 添加用户{"serial_title":"gpc","serial_author":"gpc2","serial_status":2,"submission_date":"2020-11-03T03:33:41.920Z"}
2020-11-03T03:33:41.935Z info: 添加用户结束
2020-11-03T03:33:43.228Z info: 添加用户{"serial_title":"gpc","serial_author":"gpc2","serial_status":2,"submission_date":"2020-11-03T03:33:42.920Z"}
2020-11-03T03:33:43.242Z info: 添加用户结束
2020-11-03T03:33:43.935Z info: 添加用户{"serial_title":"gpc","serial_author":"gpc2","serial_status":2,"submission_date":"2020-11-03T03:33:43.920Z"}
2020-11-03T03:33:43.959Z info: 添加用户结束
2020-11-03T03:33:45.237Z info: 添加用户{"serial_title":"gpc","serial_author":"gpc2","serial_status":2,"submission_date":"2020-11-03T03:33:44.920Z"}
2020-11-03T03:33:45.261Z info: 添加用户结束
2020-11-03T03:33:45.936Z info: 添加用户{"serial_title":"gpc","serial_author":"gpc2","serial_status":2,"submission_date":"2020-11-03T03:33:45.921Z"}
2020-11-03T03:33:45.960Z info: 添加用户结束
2020-11-03T03:33:47.236Z info: 添加用户{"serial_title":"gpc","serial_author":"gpc2","serial_status":2,"submission_date":"2020-11-03T03:33:46.920Z"}
2020-11-03T03:33:47.260Z info: 添加用户结束
2020-11-03T03:33:47.935Z info: 添加用户{"serial_title":"gpc","serial_author":"gpc2","serial_status":2,"submission_date":"2020-11-03T03:33:47.920Z"}
2020-11-03T03:33:47.958Z info: 添加用户结束
2020-11-03T03:33:49.247Z info: 添加用户{"serial_title":"gpc","serial_author":"gpc2","serial_status":2,"submission_date":"2020-11-03T03:33:48.920Z"}
2020-11-03T03:33:49.269Z info: 添加用户结束
2020-11-03T03:33:49.934Z info: 添加用户{"serial_title":"gpc","serial_author":"gpc2","serial_status":2,"submission_date":"2020-11-03T03:33:49.920Z"}
2020-11-03T03:33:49.959Z info: 添加用户结束
2020-11-03T03:33:51.236Z info: 添加用户{"serial_title":"gpc","serial_author":"gpc2","serial_status":2,"submission_date":"2020-11-03T03:33:50.920Z"}
2020-11-03T03:33:51.259Z info: 添加用户结束
2020-11-03T03:33:51.934Z info: 添加用户{"serial_title":"gpc","serial_author":"gpc2","serial_status":2,"submission_date":"2020-11-03T03:33:51.920Z"}
2020-11-03T03:33:51.952Z info: 添加用户结束
2020-11-03T03:33:53.239Z info: 添加用户{"serial_title":"gpc","serial_author":"gpc2","serial_status":2,"submission_date":"2020-11-03T03:33:52.920Z"}
2020-11-03T03:33:53.260Z info: 添加用户结束
2020-11-03T03:33:53.926Z info: 添加用户{"serial_title":"gpc","serial_author":"gpc2","serial_status":2,"submission_date":"2020-11-03T03:33:53.919Z"}
2020-11-03T03:33:53.936Z info: 添加用户结束
2020-11-03T03:33:55.234Z info: 添加用户{"serial_title":"gpc","serial_author":"gpc2","serial_status":2,"submission_date":"2020-11-03T03:33:54.919Z"}
2020-11-03T03:33:55.256Z info: 添加用户结束
2020-11-03T03:33:55.934Z info: 添加用户{"serial_title":"gpc","serial_author":"gpc2","serial_status":2,"submission_date":"2020-11-03T03:33:55.920Z"}
2020-11-03T03:33:55.957Z info: 添加用户结束
2020-11-03T03:33:57.236Z info: 添加用户{"serial_title":"gpc","serial_author":"gpc2","serial_status":2,"submission_date":"2020-11-03T03:33:56.920Z"}
2020-11-03T03:33:57.264Z info: 添加用户结束
2020-11-03T03:33:57.937Z info: 添加用户{"serial_title":"gpc","serial_author":"gpc2","serial_status":2,"submission_date":"2020-11-03T03:33:57.920Z"}
2020-11-03T03:33:57.956Z info: 添加用户结束
2020-11-03T03:33:59.236Z info: 添加用户{"serial_title":"gpc","serial_author":"gpc2","serial_status":2,"submission_date":"2020-11-03T03:33:58.920Z"}
2020-11-03T03:33:59.260Z info: 添加用户结束
2020-11-03T03:33:59.930Z info: 添加用户{"serial_title":"gpc","serial_author":"gpc2","serial_status":2,"submission_date":"2020-11-03T03:33:59.920Z"}
2020-11-03T03:33:59.949Z info: 添加用户结束
2020-11-03T03:34:01.239Z info: 添加用户{"serial_title":"gpc","serial_author":"gpc2","serial_status":2,"submission_date":"2020-11-03T03:34:00.920Z"}
2020-11-03T03:34:01.265Z info: 添加用户结束
2020-11-03T03:34:01.939Z info: 添加用户{"serial_title":"gpc","serial_author":"gpc2","serial_status":2,"submission_date":"2020-11-03T03:34:01.920Z"}
2020-11-03T03:34:01.964Z info: 添加用户结束
2020-11-03T03:34:02.623Z info: 添加用户{"serial_title":"gpc","serial_author":"gpc2","serial_status":2,"submission_date":"2020-11-03T03:34:02.312Z"}
2020-11-03T03:34:02.637Z info: 添加用户结束
2020-11-03T03:34:03.243Z info: 添加用户{"serial_title":"gpc","serial_author":"gpc2","serial_status":2,"submission_date":"2020-11-03T03:34:03.229Z"}
2020-11-03T03:34:03.262Z info: 添加用户结束
2020-11-03T03:34:04.539Z info: 添加用户{"serial_title":"gpc","serial_author":"gpc2","serial_status":2,"submission_date":"2020-11-03T03:34:04.228Z"}
2020-11-03T03:34:04.552Z info: 添加用户结束
2020-11-03T03:34:05.243Z info: 添加用户{"serial_title":"gpc","serial_author":"gpc2","serial_status":2,"submission_date":"2020-11-03T03:34:05.229Z"}
2020-11-03T03:34:05.267Z info: 添加用户结束
2020-11-03T03:34:06.545Z info: 添加用户{"serial_title":"gpc","serial_author":"gpc2","serial_status":2,"submission_date":"2020-11-03T03:34:06.229Z"}
2020-11-03T03:34:06.570Z info: 添加用户结束
2020-11-03T03:34:07.243Z info: 添加用户{"serial_title":"gpc","serial_author":"gpc2","serial_status":2,"submission_date":"2020-11-03T03:34:07.228Z"}
2020-11-03T03:34:07.276Z info: 添加用户结束
2020-11-03T03:34:08.536Z info: 添加用户{"serial_title":"gpc","serial_author":"gpc2","serial_status":2,"submission_date":"2020-11-03T03:34:08.228Z"}
2020-11-03T03:34:08.547Z info: 添加用户结束
2020-11-03T03:34:09.239Z info: 添加用户{"serial_title":"gpc","serial_author":"gpc2","serial_status":2,"submission_date":"2020-11-03T03:34:09.229Z"}
2020-11-03T03:34:09.257Z info: 添加用户结束
2020-11-03T03:34:10.546Z info: 添加用户{"serial_title":"gpc","serial_author":"gpc2","serial_status":2,"submission_date":"2020-11-03T03:34:10.229Z"}
2020-11-03T03:34:10.569Z info: 添加用户结束
2020-11-03T03:34:11.247Z info: 添加用户{"serial_title":"gpc","serial_author":"gpc2","serial_status":2,"submission_date":"2020-11-03T03:34:11.228Z"}
2020-11-03T03:34:11.277Z info: 添加用户结束
2020-11-03T03:34:12.545Z info: 添加用户{"serial_title":"gpc","serial_author":"gpc2","serial_status":2,"submission_date":"2020-11-03T03:34:12.228Z"}
2020-11-03T03:34:12.578Z info: 添加用户结束
2020-11-03T03:34:13.242Z info: 添加用户{"serial_title":"gpc","serial_author":"gpc2","serial_status":2,"submission_date":"2020-11-03T03:34:13.229Z"}
2020-11-03T03:34:13.254Z info: 添加用户结束
2020-11-03T03:34:14.545Z info: 添加用户{"serial_title":"gpc","serial_author":"gpc2","serial_status":2,"submission_date":"2020-11-03T03:34:14.228Z"}
2020-11-03T03:34:14.577Z info: 添加用户结束
2020-11-03T03:34:15.240Z info: 添加用户{"serial_title":"gpc","serial_author":"gpc2","serial_status":2,"submission_date":"2020-11-03T03:34:15.228Z"}
2020-11-03T03:34:15.253Z info: 添加用户结束
2020-11-03T03:34:16.544Z info: 添加用户{"serial_title":"gpc","serial_author":"gpc2","serial_status":2,"submission_date":"2020-11-03T03:34:16.229Z"}
2020-11-03T03:34:16.566Z info: 添加用户结束
2020-11-03T03:34:17.243Z info: 添加用户{"serial_title":"gpc","serial_author":"gpc2","serial_status":2,"submission_date":"2020-11-03T03:34:17.229Z"}
2020-11-03T03:34:17.264Z info: 添加用户结束
2020-11-03T03:34:18.546Z info: 添加用户{"serial_title":"gpc","serial_author":"gpc2","serial_status":2,"submission_date":"2020-11-03T03:34:18.230Z"}
2020-11-03T03:34:18.574Z info: 添加用户结束
2020-11-03T03:34:19.243Z info: 添加用户{"serial_title":"gpc","serial_author":"gpc2","serial_status":2,"submission_date":"2020-11-03T03:34:19.229Z"}
2020-11-03T03:34:19.275Z info: 添加用户结束
2020-11-03T03:34:20.540Z info: 添加用户{"serial_title":"gpc","serial_author":"gpc2","serial_status":2,"submission_date":"2020-11-03T03:34:20.230Z"}
2020-11-03T03:34:20.551Z info: 添加用户结束
2020-11-03T03:34:21.242Z info: 添加用户{"serial_title":"gpc","serial_author":"gpc2","serial_status":2,"submission_date":"2020-11-03T03:34:21.228Z"}
2020-11-03T03:34:21.267Z info: 添加用户结束
2020-11-03T03:34:22.543Z info: 添加用户{"serial_title":"gpc","serial_author":"gpc2","serial_status":2,"submission_date":"2020-11-03T03:34:22.230Z"}
2020-11-03T03:34:22.568Z info: 添加用户结束
2020-11-03T03:34:23.240Z info: 添加用户{"serial_title":"gpc","serial_author":"gpc2","serial_status":2,"submission_date":"2020-11-03T03:34:23.230Z"}
2020-11-03T03:34:23.259Z info: 添加用户结束
2020-11-03T03:34:24.544Z info: 添加用户{"serial_title":"gpc","serial_author":"gpc2","serial_status":2,"submission_date":"2020-11-03T03:34:24.228Z"}
2020-11-03T03:34:24.560Z info: 添加用户结束
2020-11-03T03:34:25.244Z info: 添加用户{"serial_title":"gpc","serial_author":"gpc2","serial_status":2,"submission_date":"2020-11-03T03:34:25.229Z"}
2020-11-03T03:34:25.283Z info: 添加用户结束
2020-11-03T03:34:26.548Z info: 添加用户{"serial_title":"gpc","serial_author":"gpc2","serial_status":2,"submission_date":"2020-11-03T03:34:26.229Z"}
2020-11-03T03:34:26.559Z info: 添加用户结束
2020-11-03T03:34:27.243Z info: 添加用户{"serial_title":"gpc","serial_author":"gpc2","serial_status":2,"submission_date":"2020-11-03T03:34:27.229Z"}
2020-11-03T03:34:27.274Z info: 添加用户结束
2020-11-03T03:34:28.544Z info: 添加用户{"serial_title":"gpc","serial_author":"gpc2","serial_status":2,"submission_date":"2020-11-03T03:34:28.228Z"}
2020-11-03T03:34:28.574Z info: 添加用户结束
2020-11-03T03:34:29.241Z info: 添加用户{"serial_title":"gpc","serial_author":"gpc2","serial_status":2,"submission_date":"2020-11-03T03:34:29.228Z"}
2020-11-03T03:34:29.264Z info: 添加用户结束
2020-11-03T03:34:30.541Z info: 添加用户{"serial_title":"gpc","serial_author":"gpc2","serial_status":2,"submission_date":"2020-11-03T03:34:30.228Z"}
2020-11-03T03:34:30.556Z info: 添加用户结束
2020-11-03T03:34:31.236Z info: 添加用户{"serial_title":"gpc","serial_author":"gpc2","serial_status":2,"submission_date":"2020-11-03T03:34:31.229Z"}
2020-11-03T03:34:31.253Z info: 添加用户结束
2020-11-03T03:34:32.541Z info: 添加用户{"serial_title":"gpc","serial_author":"gpc2","serial_status":2,"submission_date":"2020-11-03T03:34:32.228Z"}
2020-11-03T03:34:32.563Z info: 添加用户结束
2020-11-03T03:34:33.243Z info: 添加用户{"serial_title":"gpc","serial_author":"gpc2","serial_status":2,"submission_date":"2020-11-03T03:34:33.228Z"}
2020-11-03T03:34:33.271Z info: 添加用户结束
2020-11-03T03:34:34.542Z info: 添加用户{"serial_title":"gpc","serial_author":"gpc2","serial_status":2,"submission_date":"2020-11-03T03:34:34.229Z"}
2020-11-03T03:34:34.564Z info: 添加用户结束
2020-11-03T03:34:35.243Z info: 添加用户{"serial_title":"gpc","serial_author":"gpc2","serial_status":2,"submission_date":"2020-11-03T03:34:35.228Z"}
2020-11-03T03:34:35.265Z info: 添加用户结束
2020-11-03T03:34:36.547Z info: 添加用户{"serial_title":"gpc","serial_author":"gpc2","serial_status":2,"submission_date":"2020-11-03T03:34:36.230Z"}
2020-11-03T03:34:36.572Z info: 添加用户结束
2020-11-03T03:34:37.235Z info: 添加用户{"serial_title":"gpc","serial_author":"gpc2","serial_status":2,"submission_date":"2020-11-03T03:34:37.228Z"}
2020-11-03T03:34:37.245Z info: 添加用户结束
2020-11-03T03:34:38.545Z info: 添加用户{"serial_title":"gpc","serial_author":"gpc2","serial_status":2,"submission_date":"2020-11-03T03:34:38.229Z"}
2020-11-03T03:34:38.565Z info: 添加用户结束
2020-11-03T03:34:39.243Z info: 添加用户{"serial_title":"gpc","serial_author":"gpc2","serial_status":2,"submission_date":"2020-11-03T03:34:39.229Z"}
2020-11-03T03:34:39.265Z info: 添加用户结束
2020-11-03T03:34:40.545Z info: 添加用户{"serial_title":"gpc","serial_author":"gpc2","serial_status":2,"submission_date":"2020-11-03T03:34:40.228Z"}
2020-11-03T03:34:40.580Z info: 添加用户结束
2020-11-03T03:34:41.243Z info: 添加用户{"serial_title":"gpc","serial_author":"gpc2","serial_status":2,"submission_date":"2020-11-03T03:34:41.228Z"}
2020-11-03T03:34:41.282Z info: 添加用户结束
2020-11-03T03:34:42.546Z info: 添加用户{"serial_title":"gpc","serial_author":"gpc2","serial_status":2,"submission_date":"2020-11-03T03:34:42.228Z"}
2020-11-03T03:34:42.560Z info: 添加用户结束
2020-11-03T03:34:43.244Z info: 添加用户{"serial_title":"gpc","serial_author":"gpc2","serial_status":2,"submission_date":"2020-11-03T03:34:43.230Z"}
2020-11-03T03:34:43.271Z info: 添加用户结束
2020-11-03T03:41:39.709Z info: 数据库连接成功
2020-11-03T03:41:39.807Z warn: 配置路由
2020-11-03T03:41:39.813Z warn: 3000---
2020-11-03T03:41:39.867Z info: 添加用户{"serial_title":"gpc","serial_author":"gpc2","serial_status":2,"submission_date":"2020-11-03T03:41:37.927Z"}
2020-11-03T03:41:39.964Z info: 添加用户结束
2020-11-03T03:41:40.058Z info: 添加用户{"serial_title":"gpc","serial_author":"gpc2","serial_status":2,"submission_date":"2020-11-03T03:41:38.920Z"}
2020-11-03T03:41:40.070Z info: 添加用户结束
2020-11-03T03:41:40.075Z info: 添加用户{"serial_title":"guopengchang","serial_author":"guopengchang2","serial_status":3,"submission_date":"2020-11-03T03:41:38.922Z"}
2020-11-03T03:41:40.086Z info: 添加用户{"serial_title":"gpc","serial_author":"gpc2","serial_status":2,"submission_date":"2020-11-03T03:41:38.923Z"}
2020-11-03T03:41:40.097Z info: 添加用户结束
2020-11-03T03:41:40.105Z info: 添加用户结束
2020-11-03T03:41:40.241Z info: 添加用户{"serial_title":"gpc","serial_author":"gpc2","serial_status":2,"submission_date":"2020-11-03T03:41:37.920Z"}
2020-11-03T03:41:40.254Z info: 添加用户{"serial_title":"guopengchang","serial_author":"guopengchang2","serial_status":3,"submission_date":"2020-11-03T03:41:37.924Z"}
2020-11-03T03:41:40.280Z info: 添加用户{"serial_title":"gpc","serial_author":"gpc2","serial_status":2,"submission_date":"2020-11-03T03:41:39.920Z"}
2020-11-03T03:41:40.296Z info: 添加用户结束
2020-11-03T03:41:40.300Z info: 添加用户结束
2020-11-03T03:41:40.307Z info: 添加用户结束
2020-11-03T03:41:40.385Z info: 添加用户{"serial_title":"guopengchang","serial_author":"guopengchang2","serial_status":3,"submission_date":"2020-11-03T03:41:39.921Z"}
2020-11-03T03:41:40.410Z info: 添加用户结束
2020-11-03T03:41:40.420Z info: 添加用户{"serial_title":"gpc","serial_author":"gpc2","serial_status":2,"submission_date":"2020-11-03T03:41:39.922Z"}
2020-11-03T03:41:40.436Z info: 添加用户结束
2020-11-03T03:41:41.240Z info: 添加用户{"serial_title":"gpc","serial_author":"gpc2","serial_status":2,"submission_date":"2020-11-03T03:41:40.920Z"}
2020-11-03T03:41:41.261Z info: 添加用户{"serial_title":"guopengchang","serial_author":"guopengchang2","serial_status":3,"submission_date":"2020-11-03T03:41:40.922Z"}
2020-11-03T03:41:41.268Z info: 添加用户{"serial_title":"gpc","serial_author":"gpc2","serial_status":2,"submission_date":"2020-11-03T03:41:40.923Z"}
2020-11-03T03:41:41.291Z info: 添加用户结束
2020-11-03T03:41:41.296Z info: 添加用户结束
2020-11-03T03:41:41.301Z info: 添加用户结束
2020-11-03T03:41:41.936Z info: 添加用户{"serial_title":"gpc","serial_author":"gpc2","serial_status":2,"submission_date":"2020-11-03T03:41:41.920Z"}
2020-11-03T03:41:41.958Z info: 添加用户结束
2020-11-03T03:41:42.239Z info: 添加用户{"serial_title":"guopengchang","serial_author":"guopengchang2","serial_status":3,"submission_date":"2020-11-03T03:41:41.923Z"}
2020-11-03T03:41:42.258Z info: 添加用户{"serial_title":"gpc","serial_author":"gpc2","serial_status":2,"submission_date":"2020-11-03T03:41:41.927Z"}
2020-11-03T03:41:42.280Z info: 添加用户结束
2020-11-03T03:41:42.288Z info: 添加用户结束
2020-11-03T03:41:43.237Z info: 添加用户{"serial_title":"gpc","serial_author":"gpc2","serial_status":2,"submission_date":"2020-11-03T03:41:42.920Z"}
2020-11-03T03:41:43.253Z info: 添加用户{"serial_title":"guopengchang","serial_author":"guopengchang2","serial_status":3,"submission_date":"2020-11-03T03:41:42.924Z"}
2020-11-03T03:41:43.259Z info: 添加用户{"serial_title":"gpc","serial_author":"gpc2","serial_status":2,"submission_date":"2020-11-03T03:41:42.928Z"}
2020-11-03T03:41:43.276Z info: 添加用户结束
2020-11-03T03:41:43.282Z info: 添加用户结束
2020-11-03T03:41:43.286Z info: 添加用户结束
2020-11-03T03:41:43.935Z info: 添加用户{"serial_title":"gpc","serial_author":"gpc2","serial_status":2,"submission_date":"2020-11-03T03:41:43.919Z"}
2020-11-03T03:41:43.959Z info: 添加用户结束
2020-11-03T03:41:44.241Z info: 添加用户{"serial_title":"guopengchang","serial_author":"guopengchang2","serial_status":3,"submission_date":"2020-11-03T03:41:43.923Z"}
2020-11-03T03:41:44.266Z info: 添加用户{"serial_title":"gpc","serial_author":"gpc2","serial_status":2,"submission_date":"2020-11-03T03:41:43.927Z"}
2020-11-03T03:41:44.283Z info: 添加用户结束
2020-11-03T03:41:44.292Z info: 添加用户结束
2020-11-03T03:41:45.241Z info: 添加用户{"serial_title":"gpc","serial_author":"gpc2","serial_status":2,"submission_date":"2020-11-03T03:41:44.920Z"}
2020-11-03T03:41:45.253Z info: 添加用户{"serial_title":"guopengchang","serial_author":"guopengchang2","serial_status":3,"submission_date":"2020-11-03T03:41:44.923Z"}
2020-11-03T03:41:45.266Z info: 添加用户{"serial_title":"gpc","serial_author":"gpc2","serial_status":2,"submission_date":"2020-11-03T03:41:44.927Z"}
2020-11-03T03:41:45.281Z info: 添加用户结束
2020-11-03T03:41:45.286Z info: 添加用户结束
2020-11-03T03:41:45.294Z info: 添加用户结束
2020-11-03T03:41:45.937Z info: 添加用户{"serial_title":"gpc","serial_author":"gpc2","serial_status":2,"submission_date":"2020-11-03T03:41:45.920Z"}
2020-11-03T03:41:45.952Z info: 添加用户结束
2020-11-03T03:41:46.245Z info: 添加用户{"serial_title":"guopengchang","serial_author":"guopengchang2","serial_status":3,"submission_date":"2020-11-03T03:41:45.924Z"}
2020-11-03T03:41:46.264Z info: 添加用户{"serial_title":"gpc","serial_author":"gpc2","serial_status":2,"submission_date":"2020-11-03T03:41:45.929Z"}
2020-11-03T03:41:46.287Z info: 添加用户结束
2020-11-03T03:41:46.299Z info: 添加用户结束
2020-11-03T03:41:47.240Z info: 添加用户{"serial_title":"gpc","serial_author":"gpc2","serial_status":2,"submission_date":"2020-11-03T03:41:46.920Z"}
2020-11-03T03:41:47.257Z info: 添加用户{"serial_title":"guopengchang","serial_author":"guopengchang2","serial_status":3,"submission_date":"2020-11-03T03:41:46.924Z"}
2020-11-03T03:41:47.273Z info: 添加用户{"serial_title":"gpc","serial_author":"gpc2","serial_status":2,"submission_date":"2020-11-03T03:41:46.929Z"}
2020-11-03T03:41:47.303Z info: 添加用户结束
2020-11-03T03:41:47.309Z info: 添加用户结束
2020-11-03T03:41:47.315Z info: 添加用户结束
2020-11-03T03:41:47.934Z info: 添加用户{"serial_title":"gpc","serial_author":"gpc2","serial_status":2,"submission_date":"2020-11-03T03:41:47.920Z"}
2020-11-03T03:41:47.966Z info: 添加用户结束
2020-11-03T03:41:48.241Z info: 添加用户{"serial_title":"guopengchang","serial_author":"guopengchang2","serial_status":3,"submission_date":"2020-11-03T03:41:47.925Z"}
2020-11-03T03:41:48.260Z info: 添加用户{"serial_title":"gpc","serial_author":"gpc2","serial_status":2,"submission_date":"2020-11-03T03:41:47.930Z"}
2020-11-03T03:41:48.277Z info: 添加用户结束
2020-11-03T03:41:48.282Z info: 添加用户结束
2020-11-03T03:41:49.239Z info: 添加用户{"serial_title":"gpc","serial_author":"gpc2","serial_status":2,"submission_date":"2020-11-03T03:41:48.921Z"}
2020-11-03T03:41:49.262Z info: 添加用户{"serial_title":"guopengchang","serial_author":"guopengchang2","serial_status":3,"submission_date":"2020-11-03T03:41:48.924Z"}
2020-11-03T03:41:49.270Z info: 添加用户{"serial_title":"gpc","serial_author":"gpc2","serial_status":2,"submission_date":"2020-11-03T03:41:48.928Z"}
2020-11-03T03:41:49.289Z info: 添加用户结束
2020-11-03T03:41:49.294Z info: 添加用户结束
2020-11-03T03:41:49.301Z info: 添加用户结束
2020-11-03T03:41:49.936Z info: 添加用户{"serial_title":"gpc","serial_author":"gpc2","serial_status":2,"submission_date":"2020-11-03T03:41:49.920Z"}
2020-11-03T03:41:49.965Z info: 添加用户结束
2020-11-03T03:41:50.242Z info: 添加用户{"serial_title":"guopengchang","serial_author":"guopengchang2","serial_status":3,"submission_date":"2020-11-03T03:41:49.924Z"}
2020-11-03T03:41:50.265Z info: 添加用户{"serial_title":"gpc","serial_author":"gpc2","serial_status":2,"submission_date":"2020-11-03T03:41:49.930Z"}
2020-11-03T03:41:50.282Z info: 添加用户结束
2020-11-03T03:41:50.291Z info: 添加用户结束
2020-11-03T03:41:51.238Z info: 添加用户{"serial_title":"gpc","serial_author":"gpc2","serial_status":2,"submission_date":"2020-11-03T03:41:50.920Z"}
2020-11-03T03:41:51.252Z info: 添加用户{"serial_title":"guopengchang","serial_author":"guopengchang2","serial_status":3,"submission_date":"2020-11-03T03:41:50.921Z"}
2020-11-03T03:41:51.259Z info: 添加用户{"serial_title":"gpc","serial_author":"gpc2","serial_status":2,"submission_date":"2020-11-03T03:41:50.922Z"}
2020-11-03T03:41:51.289Z info: 添加用户结束
2020-11-03T03:41:51.294Z info: 添加用户结束
2020-11-03T03:41:51.308Z info: 添加用户结束
2020-11-03T03:41:51.935Z info: 添加用户{"serial_title":"gpc","serial_author":"gpc2","serial_status":2,"submission_date":"2020-11-03T03:41:51.920Z"}
2020-11-03T03:41:51.969Z info: 添加用户结束
2020-11-03T03:41:52.241Z info: 添加用户{"serial_title":"guopengchang","serial_author":"guopengchang2","serial_status":3,"submission_date":"2020-11-03T03:41:51.924Z"}
2020-11-03T03:41:52.260Z info: 添加用户{"serial_title":"gpc","serial_author":"gpc2","serial_status":2,"submission_date":"2020-11-03T03:41:51.929Z"}
2020-11-03T03:41:52.281Z info: 添加用户结束
2020-11-03T03:41:52.290Z info: 添加用户结束
2020-11-03T03:41:53.231Z info: 添加用户{"serial_title":"gpc","serial_author":"gpc2","serial_status":2,"submission_date":"2020-11-03T03:41:52.920Z"}
2020-11-03T03:41:53.243Z info: 添加用户{"serial_title":"guopengchang","serial_author":"guopengchang2","serial_status":3,"submission_date":"2020-11-03T03:41:52.922Z"}
2020-11-03T03:41:53.247Z info: 添加用户{"serial_title":"gpc","serial_author":"gpc2","serial_status":2,"submission_date":"2020-11-03T03:41:52.925Z"}
2020-11-03T03:41:53.257Z info: 添加用户结束
2020-11-03T03:41:53.260Z info: 添加用户结束
2020-11-03T03:41:53.262Z info: 添加用户结束
2020-11-03T03:41:53.927Z info: 添加用户{"serial_title":"gpc","serial_author":"gpc2","serial_status":2,"submission_date":"2020-11-03T03:41:53.919Z"}
2020-11-03T03:41:53.941Z info: 添加用户结束
2020-11-03T03:41:54.233Z info: 添加用户{"serial_title":"guopengchang","serial_author":"guopengchang2","serial_status":3,"submission_date":"2020-11-03T03:41:53.921Z"}
2020-11-03T03:41:54.241Z info: 添加用户{"serial_title":"gpc","serial_author":"gpc2","serial_status":2,"submission_date":"2020-11-03T03:41:53.924Z"}
2020-11-03T03:41:54.256Z info: 添加用户结束
2020-11-03T03:41:54.261Z info: 添加用户结束
2020-11-03T03:41:55.231Z info: 添加用户{"serial_title":"gpc","serial_author":"gpc2","serial_status":2,"submission_date":"2020-11-03T03:41:54.920Z"}
2020-11-03T03:41:55.247Z info: 添加用户{"serial_title":"guopengchang","serial_author":"guopengchang2","serial_status":3,"submission_date":"2020-11-03T03:41:54.923Z"}
2020-11-03T03:41:55.254Z info: 添加用户{"serial_title":"gpc","serial_author":"gpc2","serial_status":2,"submission_date":"2020-11-03T03:41:54.925Z"}
2020-11-03T03:41:55.270Z info: 添加用户结束
2020-11-03T03:41:55.273Z info: 添加用户结束
2020-11-03T03:41:55.281Z info: 添加用户结束
2020-11-03T03:41:55.927Z info: 添加用户{"serial_title":"gpc","serial_author":"gpc2","serial_status":2,"submission_date":"2020-11-03T03:41:55.920Z"}
2020-11-03T03:41:55.938Z info: 添加用户结束
2020-11-03T03:41:56.231Z info: 添加用户{"serial_title":"guopengchang","serial_author":"guopengchang2","serial_status":3,"submission_date":"2020-11-03T03:41:55.922Z"}
2020-11-03T03:41:56.240Z info: 添加用户{"serial_title":"gpc","serial_author":"gpc2","serial_status":2,"submission_date":"2020-11-03T03:41:55.925Z"}
2020-11-03T03:41:56.246Z info: 添加用户结束
2020-11-03T03:41:56.250Z info: 添加用户结束
2020-11-03T03:41:57.235Z info: 添加用户{"serial_title":"gpc","serial_author":"gpc2","serial_status":2,"submission_date":"2020-11-03T03:41:56.920Z"}
2020-11-03T03:41:57.254Z info: 添加用户{"serial_title":"guopengchang","serial_author":"guopengchang2","serial_status":3,"submission_date":"2020-11-03T03:41:56.923Z"}
2020-11-03T03:41:57.266Z info: 添加用户{"serial_title":"gpc","serial_author":"gpc2","serial_status":2,"submission_date":"2020-11-03T03:41:56.927Z"}
2020-11-03T03:41:57.292Z info: 添加用户结束
2020-11-03T03:41:57.300Z info: 添加用户结束
2020-11-03T03:41:57.302Z info: 添加用户结束
2020-11-03T03:41:57.937Z info: 添加用户{"serial_title":"gpc","serial_author":"gpc2","serial_status":2,"submission_date":"2020-11-03T03:41:57.919Z"}
2020-11-03T03:41:57.958Z info: 添加用户结束
2020-11-03T03:41:58.240Z info: 添加用户{"serial_title":"guopengchang","serial_author":"guopengchang2","serial_status":3,"submission_date":"2020-11-03T03:41:57.923Z"}
2020-11-03T03:41:58.258Z info: 添加用户{"serial_title":"gpc","serial_author":"gpc2","serial_status":2,"submission_date":"2020-11-03T03:41:57.927Z"}
2020-11-03T03:41:58.281Z info: 添加用户结束
2020-11-03T03:41:58.289Z info: 添加用户结束
2020-11-03T03:41:59.236Z info: 添加用户{"serial_title":"gpc","serial_author":"gpc2","serial_status":2,"submission_date":"2020-11-03T03:41:58.920Z"}
2020-11-03T03:41:59.256Z info: 添加用户{"serial_title":"guopengchang","serial_author":"guopengchang2","serial_status":3,"submission_date":"2020-11-03T03:41:58.924Z"}
2020-11-03T03:41:59.266Z info: 添加用户{"serial_title":"gpc","serial_author":"gpc2","serial_status":2,"submission_date":"2020-11-03T03:41:58.927Z"}
2020-11-03T03:41:59.298Z info: 添加用户结束
2020-11-03T03:41:59.306Z info: 添加用户结束
2020-11-03T03:41:59.311Z info: 添加用户结束
2020-11-03T03:41:59.934Z info: 添加用户{"serial_title":"gpc","serial_author":"gpc2","serial_status":2,"submission_date":"2020-11-03T03:41:59.920Z"}
2020-11-03T03:41:59.949Z info: 添加用户结束
2020-11-03T03:42:00.240Z info: 添加用户{"serial_title":"guopengchang","serial_author":"guopengchang2","serial_status":3,"submission_date":"2020-11-03T03:41:59.924Z"}
2020-11-03T03:42:00.275Z info: 添加用户{"serial_title":"gpc","serial_author":"gpc2","serial_status":2,"submission_date":"2020-11-03T03:41:59.927Z"}
2020-11-03T03:42:00.283Z info: 添加用户结束
2020-11-03T03:42:00.287Z info: 添加用户结束
2020-11-03T03:42:01.238Z info: 添加用户{"serial_title":"gpc","serial_author":"gpc2","serial_status":2,"submission_date":"2020-11-03T03:42:00.920Z"}
2020-11-03T03:42:01.253Z info: 添加用户{"serial_title":"guopengchang","serial_author":"guopengchang2","serial_status":3,"submission_date":"2020-11-03T03:42:00.925Z"}
2020-11-03T03:42:01.261Z info: 添加用户{"serial_title":"gpc","serial_author":"gpc2","serial_status":2,"submission_date":"2020-11-03T03:42:00.930Z"}
2020-11-03T03:42:01.277Z info: 添加用户结束
2020-11-03T03:42:01.280Z info: 添加用户结束
2020-11-03T03:42:01.284Z info: 添加用户结束
2020-11-03T03:42:01.939Z info: 添加用户{"serial_title":"gpc","serial_author":"gpc2","serial_status":2,"submission_date":"2020-11-03T03:42:01.920Z"}
2020-11-03T03:42:01.975Z info: 添加用户结束
2020-11-03T03:42:02.244Z info: 添加用户{"serial_title":"guopengchang","serial_author":"guopengchang2","serial_status":3,"submission_date":"2020-11-03T03:42:01.926Z"}
2020-11-03T03:42:02.262Z info: 添加用户{"serial_title":"gpc","serial_author":"gpc2","serial_status":2,"submission_date":"2020-11-03T03:42:01.932Z"}
2020-11-03T03:42:02.274Z info: 添加用户结束
2020-11-03T03:42:02.279Z info: 添加用户结束
2020-11-03T05:29:20.702Z info: 数据库连接成功
2020-11-03T05:29:20.800Z warn: 配置路由
2020-11-03T05:29:20.807Z warn: 3000---
2020-11-03T05:29:42.014Z info: 调用用户登录接口开始admin admin@123
2020-11-03T05:29:42.098Z info: 用户登录成功
2020-11-03T05:29:42.789Z info: 用户查询开始
2020-11-03T05:29:42.800Z info: 添加用户{"serial_title":"lol","serial_author":"lol2","serial_status":1,"submission_date":"2020-11-03T05:29:42.779Z"}
2020-11-03T05:29:42.822Z info: 用户查询结束
2020-11-03T05:29:42.832Z info: 添加用户结束
2020-11-03T05:29:43.099Z info: 添加用户{"serial_title":"lol","serial_author":"lol2","serial_status":1,"submission_date":"2020-11-03T05:29:42.779Z"}
2020-11-03T05:29:43.106Z info: 添加用户{"serial_title":"lol","serial_author":"lol2","serial_status":1,"submission_date":"2020-11-03T05:29:42.779Z"}
2020-11-03T05:29:43.110Z info: 添加用户{"serial_title":"lol","serial_author":"lol2","serial_status":1,"submission_date":"2020-11-03T05:29:42.779Z"}
2020-11-03T05:29:43.123Z info: 添加用户{"serial_title":"lol","serial_author":"lol2","serial_status":1,"submission_date":"2020-11-03T05:29:42.779Z"}
2020-11-03T05:29:43.139Z info: 添加用户结束
2020-11-03T05:29:43.143Z info: 添加用户{"serial_title":"lol","serial_author":"lol2","serial_status":1,"submission_date":"2020-11-03T05:29:42.779Z"}
2020-11-03T05:29:43.157Z info: 添加用户{"serial_title":"lol","serial_author":"lol2","serial_status":1,"submission_date":"2020-11-03T05:29:42.779Z"}
2020-11-03T05:29:43.170Z info: 添加用户结束
2020-11-03T05:29:43.171Z info: 添加用户结束
2020-11-03T05:29:43.181Z info: 添加用户结束
2020-11-03T05:29:43.184Z info: 添加用户结束
2020-11-03T05:29:43.193Z info: 添加用户结束
2020-11-03T05:29:43.455Z info: 添加用户{"serial_title":"lol","serial_author":"lol2","serial_status":1,"submission_date":"2020-11-03T05:29:42.779Z"}
2020-11-03T05:29:43.475Z info: 添加用户结束
2020-11-03T05:29:43.491Z info: 添加用户{"serial_title":"lol","serial_author":"lol2","serial_status":1,"submission_date":"2020-11-03T05:29:42.780Z"}
2020-11-03T05:29:43.503Z info: 添加用户{"serial_title":"lol","serial_author":"lol2","serial_status":1,"submission_date":"2020-11-03T05:29:42.780Z"}
2020-11-03T05:29:43.505Z info: 添加用户{"serial_title":"lol","serial_author":"lol2","serial_status":1,"submission_date":"2020-11-03T05:29:42.780Z"}
2020-11-03T05:29:43.509Z info: 添加用户{"serial_title":"lol","serial_author":"lol2","serial_status":1,"submission_date":"2020-11-03T05:29:42.780Z"}
2020-11-03T05:29:43.524Z info: 添加用户{"serial_title":"lol","serial_author":"lol2","serial_status":1,"submission_date":"2020-11-03T05:29:42.780Z"}
2020-11-03T05:29:43.527Z info: 添加用户结束
2020-11-03T05:29:43.538Z info: 添加用户结束
2020-11-03T05:29:43.541Z info: 添加用户结束
2020-11-03T05:29:43.546Z info: 添加用户结束
2020-11-03T05:29:43.547Z info: 添加用户结束
2020-11-03T05:29:43.796Z info: 添加用户{"serial_title":"lol","serial_author":"lol2","serial_status":1,"submission_date":"2020-11-03T05:29:42.780Z"}
2020-11-03T05:29:43.819Z info: 添加用户结束
2020-11-03T05:29:43.835Z info: 添加用户{"serial_title":"lol","serial_author":"lol2","serial_status":1,"submission_date":"2020-11-03T05:29:42.780Z"}
2020-11-03T05:29:43.849Z info: 添加用户结束
2020-11-03T05:32:06.365Z info: 用户查询开始
2020-11-03T05:32:06.372Z info: 用户查询结束
2020-11-03T05:32:06.548Z info: 添加用户{"serial_title":"lol","serial_author":"lol2","serial_status":1,"submission_date":"2020-11-03T05:32:06.346Z"}
2020-11-03T05:32:06.555Z info: 添加用户结束
2020-11-03T05:32:18.528Z info: 添加用户{"serial_title":"lol","serial_author":"lol2","serial_status":1,"submission_date":"2020-11-03T05:32:17.725Z"}
2020-11-03T05:32:18.542Z info: 添加用户结束
2020-11-03T05:32:18.712Z info: 用户查询开始
2020-11-03T05:32:18.718Z info: 用户查询结束
2020-11-03T05:32:27.547Z info: 添加用户{"serial_title":"lol","serial_author":"lol2","serial_status":1,"submission_date":"2020-11-03T05:32:27.172Z"}
2020-11-03T05:32:27.560Z info: 添加用户结束
2020-11-03T05:32:28.119Z info: 用户查询开始
2020-11-03T05:32:28.125Z info: 用户查询结束
2020-11-03T05:47:06.107Z info: 用户查询开始
2020-11-03T05:47:06.119Z info: 用户查询结束
2020-11-03T06:36:35.346Z info: 数据库连接成功
2020-11-03T06:36:35.421Z warn: 配置路由
2020-11-03T06:36:35.427Z warn: 3000---
2020-11-03T06:36:48.607Z info: 用户查询开始
2020-11-03T06:36:48.700Z info: 用户查询结束
2020-11-03T06:37:22.559Z info: 数据库连接成功
2020-11-03T06:37:22.625Z warn: 配置路由
2020-11-03T06:37:22.632Z warn: 3000---
2020-11-03T06:37:25.962Z info: 数据库连接成功
2020-11-03T06:37:26.080Z warn: 配置路由
2020-11-03T06:37:26.094Z warn: 3000---
2020-11-03T06:38:17.383Z info: 数据库连接成功
2020-11-03T06:38:17.470Z warn: 配置路由
2020-11-03T06:38:17.478Z warn: 3000---
2020-11-03T06:38:23.019Z info: 用户查询开始
2020-11-03T06:38:23.103Z info: 用户查询结束
2020-11-03T06:44:24.195Z info: 数据库连接成功
2020-11-03T06:44:24.306Z warn: 配置路由
2020-11-03T06:44:24.320Z warn: 3000---
2020-11-03T06:45:13.700Z info: 数据库连接成功
2020-11-03T06:45:13.780Z warn: 配置路由
2020-11-03T06:45:13.785Z warn: 3000---
2020-11-03T06:46:08.235Z info: 数据库连接成功
2020-11-03T06:46:08.314Z warn: 配置路由
2020-11-03T06:46:08.320Z warn: 3000---
2020-11-03T06:46:34.883Z info: 数据库连接成功
2020-11-03T06:46:34.964Z warn: 配置路由
2020-11-03T06:46:34.969Z warn: 3000---
2020-11-03T06:46:39.462Z info: 用户查询开始
2020-11-03T06:46:39.554Z info: 用户查询结束
2020-11-03T06:48:10.031Z info: 数据库连接成功
2020-11-03T06:48:10.094Z warn: 配置路由
2020-11-03T06:48:10.100Z warn: 3000---
2020-11-03T06:48:10.968Z info: 数据库连接成功
2020-11-03T06:48:11.032Z warn: 配置路由
2020-11-03T06:48:11.038Z warn: 3000---
2020-11-03T06:48:13.575Z info: 数据库连接成功
2020-11-03T06:48:13.636Z warn: 配置路由
2020-11-03T06:48:13.646Z warn: 3000---
2020-11-03T06:48:16.866Z info: 用户查询开始
2020-11-03T06:48:16.953Z info: 用户查询结束
2020-11-03T06:57:32.269Z info: 数据库连接成功
2020-11-03T06:57:32.322Z warn: 配置路由
2020-11-03T06:57:32.327Z warn: 3000---
2020-11-03T06:57:36.231Z info: 数据库连接成功
2020-11-03T06:57:36.328Z warn: 配置路由
2020-11-03T06:57:36.335Z warn: 3000---
2020-11-03T06:57:46.258Z info: 数据库连接成功
2020-11-03T06:57:46.359Z warn: 配置路由
2020-11-03T06:57:46.363Z warn: 3000---
2020-11-03T06:57:55.178Z info: 用户查询开始
2020-11-03T06:57:55.273Z info: 用户查询结束
2020-11-03T06:59:28.699Z info: 数据库连接成功
2020-11-03T06:59:28.772Z warn: 配置路由
2020-11-03T06:59:28.779Z warn: 3000---
2020-11-03T06:59:31.481Z info: 用户查询开始
2020-11-03T06:59:31.575Z info: 用户查询结束
2020-11-03T07:01:18.672Z info: 数据库连接成功
2020-11-03T07:01:18.802Z warn: 配置路由
2020-11-03T07:01:18.812Z warn: 3000---
2020-11-03T07:01:23.692Z info: 用户查询开始
2020-11-03T07:01:23.793Z info: 用户查询结束
2020-11-03T07:01:53.273Z info: 用户查询开始
2020-11-03T07:02:42.742Z info: 用户查询开始
2020-11-03T07:02:42.746Z info: 用户查询开始
2020-11-03T07:02:42.775Z info: 用户查询结束
2020-11-03T07:02:42.777Z info: 用户查询结束
2020-11-03T07:02:42.778Z info: 用户查询结束
2020-11-03T07:02:48.442Z info: 数据库连接成功
2020-11-03T07:02:48.507Z warn: 配置路由
2020-11-03T07:02:48.512Z warn: 3000---
2020-11-03T07:03:10.266Z info: 用户查询开始
2020-11-03T07:03:10.380Z info: 用户查询结束
2020-11-03T07:05:42.107Z info: 数据库连接成功
2020-11-03T07:05:42.164Z warn: 配置路由
2020-11-03T07:05:42.168Z warn: 3000---
2020-11-03T07:07:41.570Z info: 数据库连接成功
2020-11-03T07:07:41.648Z warn: 配置路由
2020-11-03T07:07:41.655Z warn: 3000---
2020-11-03T07:07:51.970Z info: 用户查询开始
2020-11-03T07:07:52.066Z info: 用户查询结束
2020-11-03T07:08:33.143Z info: 数据库连接成功
2020-11-03T07:08:33.219Z warn: 配置路由
2020-11-03T07:08:33.227Z warn: 3000---
2020-11-03T07:08:37.180Z info: 用户查询开始
2020-11-03T07:08:37.311Z info: 用户查询结束
2020-11-03T07:09:13.766Z info: 数据库连接成功
2020-11-03T07:09:13.850Z warn: 配置路由
2020-11-03T07:09:13.855Z warn: 3000---
2020-11-03T07:09:17.687Z info: 用户查询开始
2020-11-03T07:09:17.810Z info: 用户查询结束
2020-11-03T07:19:47.224Z info: 数据库连接成功
2020-11-03T07:19:47.301Z warn: 配置路由
2020-11-03T07:19:47.311Z warn: 3000---
2020-11-03T07:19:56.044Z info: 用户查询开始
2020-11-03T07:19:56.160Z info: 用户查询结束
2020-11-03T07:24:03.441Z info: 数据库连接成功
2020-11-03T07:24:03.546Z warn: 配置路由
2020-11-03T07:24:03.551Z warn: 3000---
2020-11-03T07:24:13.412Z info: 用户查询开始
2020-11-03T07:24:13.505Z info: 用户查询结束
2020-11-03T07:31:36.620Z info: 用户查询开始
2020-11-03T07:32:29.128Z info: 调用用户登录接口开始admin admin@123
2020-11-03T07:32:29.144Z info: 用户查询结束
2020-11-03T07:32:29.156Z info: 用户登录成功
2020-11-03T07:32:30.131Z info: 数据库连接成功
2020-11-03T07:32:30.195Z warn: 配置路由
2020-11-03T07:32:30.200Z warn: 3000---
2020-11-03T07:32:30.485Z info: 用户查询开始
2020-11-03T07:32:30.618Z info: 用户查询结束
2020-11-03T07:32:44.531Z info: 用户查询开始
2020-11-03T07:32:44.544Z info: 用户查询结束
2020-11-03T08:18:14.631Z info: 数据库连接成功
2020-11-03T08:18:14.687Z warn: 配置路由
2020-11-03T08:18:14.692Z warn: 3000---
2020-11-03T08:18:17.143Z info: 数据库连接成功
2020-11-03T08:18:17.199Z warn: 配置路由
2020-11-03T08:18:17.204Z warn: 3000---
2020-11-03T08:20:11.020Z info: 数据库连接成功
2020-11-03T08:20:11.076Z warn: 配置路由
2020-11-03T08:20:11.080Z warn: 3000---
2020-11-03T08:32:50.042Z info: 数据库连接成功
2020-11-03T08:32:50.099Z warn: 配置路由
2020-11-03T08:32:50.104Z warn: 3000---
2020-11-03T10:36:21.761Z info: 用户查询开始
2020-11-03T10:36:21.778Z info: 用户查询结束
2020-11-03T11:03:51.829Z info: 用户查询开始
2020-11-03T11:03:51.848Z info: 用户查询结束
2020-11-03T11:04:34.761Z info: 用户查询开始
2020-11-03T11:04:34.773Z info: 用户查询结束
2020-11-03T11:05:02.068Z info: 用户查询开始
2020-11-03T11:05:02.078Z info: 用户查询结束
2020-11-03T11:05:34.426Z info: 用户查询开始
2020-11-03T11:05:34.443Z info: 用户查询结束
2020-11-03T11:10:17.873Z info: 数据库连接成功
2020-11-03T11:10:17.939Z warn: 配置路由
2020-11-03T11:10:17.944Z warn: 3000---
2020-11-03T11:11:25.522Z info: 用户查询开始
2020-11-03T11:11:25.620Z info: 用户查询结束
2020-11-03T11:12:53.235Z info: 数据库连接成功
2020-11-03T11:12:53.296Z warn: 配置路由
2020-11-03T11:12:53.303Z warn: 3000---
2020-11-03T11:14:56.827Z info: 数据库连接成功
2020-11-03T11:14:56.896Z warn: 配置路由
2020-11-03T11:14:56.902Z warn: 3000---
2020-11-03T11:15:02.874Z info: 用户查询开始
2020-11-03T11:15:02.984Z info: 用户查询结束
2020-11-03T12:09:13.730Z info: 数据库连接成功
2020-11-03T12:09:13.795Z warn: 配置路由
2020-11-03T12:09:13.800Z warn: 3000---
2020-11-03T12:31:51.348Z info: 数据库连接成功
2020-11-03T12:31:51.413Z warn: 配置路由
2020-11-03T12:31:51.425Z warn: 3000---
2020-11-03T12:34:15.975Z info: 数据库连接成功
2020-11-03T12:34:16.065Z warn: 配置路由
2020-11-03T12:34:16.073Z warn: 3000---
2020-11-03T12:34:28.977Z info: 数据库连接成功
2020-11-03T12:34:29.041Z warn: 配置路由
2020-11-03T12:34:29.046Z warn: 3000---
2020-11-03T12:36:31.585Z info: 数据库连接成功
2020-11-03T12:36:31.663Z warn: 配置路由
2020-11-03T12:36:31.668Z warn: 3000---
2020-11-03T12:36:38.275Z info: 数据库连接成功
2020-11-03T12:36:38.343Z warn: 配置路由
2020-11-03T12:36:38.349Z warn: 3000---
2020-11-03T12:44:08.181Z info: 数据库连接成功
2020-11-03T12:44:08.271Z warn: 配置路由
2020-11-03T12:44:08.280Z warn: 3000---
2020-11-03T12:44:13.667Z info: 调用用户登录接口开始admin admin@123
2020-11-03T12:44:13.760Z info: 用户登录成功
2020-11-03T12:44:15.109Z info: 用户查询开始
2020-11-03T12:44:15.121Z info: 用户查询结束
2020-11-03T12:47:15.797Z info: 调用用户登录接口开始admin admin@123
2020-11-03T12:47:15.818Z info: 用户登录成功
2020-11-03T12:47:16.142Z info: 用户查询开始
2020-11-03T12:47:16.165Z info: 用户查询结束
2020-11-03T12:52:20.348Z info: 调用用户登录接口开始admin admin@123
2020-11-03T12:52:20.359Z info: 用户登录成功
2020-11-03T12:52:20.371Z info: 用户查询开始
2020-11-03T12:52:20.390Z info: 用户查询结束
2020-11-03T12:54:00.113Z info: 调用用户登录接口开始admin admin@123
2020-11-03T12:54:00.130Z info: 用户登录成功
2020-11-03T12:54:00.149Z info: 用户查询开始
2020-11-03T12:54:00.163Z info: 用户查询结束
2020-11-03T12:55:01.753Z info: 调用用户登录接口开始admin admin@123
2020-11-03T12:55:01.766Z info: 用户登录成功
2020-11-03T12:55:01.785Z info: 用户查询开始
2020-11-03T12:55:01.801Z info: 用户查询结束
2020-11-04T00:24:33.756Z info: 用户查询开始
2020-11-04T00:24:33.780Z info: 用户查询结束
2020-11-04T00:24:45.951Z info: 调用用户登录接口开始admin admin@123
2020-11-04T00:24:45.972Z info: 用户登录成功
2020-11-04T00:24:45.990Z info: 用户查询开始
2020-11-04T00:24:46.002Z info: 用户查询结束
2020-11-04T00:26:42.783Z info: 数据库连接成功
2020-11-04T00:26:42.851Z warn: 配置路由
2020-11-04T00:26:42.856Z warn: 3000---
2020-11-04T01:46:03.732Z info: 数据库连接成功
2020-11-04T01:46:04.399Z warn: 配置路由
2020-11-04T01:46:04.404Z warn: 3000---
2020-11-04T02:37:16.299Z info: 数据库连接成功
2020-11-04T02:37:16.408Z warn: 配置路由
2020-11-04T02:37:16.422Z warn: 3000---
2020-11-04T02:37:21.968Z info: 数据库连接成功
2020-11-04T02:37:22.026Z warn: 配置路由
2020-11-04T02:37:22.031Z warn: 3000---
2020-11-04T02:37:24.095Z info: 数据库连接成功
2020-11-04T02:37:24.153Z warn: 配置路由
2020-11-04T02:37:24.158Z warn: 3000---
2020-11-04T02:37:25.478Z info: 数据库连接成功
2020-11-04T02:37:25.554Z warn: 配置路由
2020-11-04T02:37:25.559Z warn: 3000---
2020-11-04T02:39:02.615Z info: 用户查询开始
2020-11-04T02:39:02.891Z info: 用户查询结束
2020-11-04T02:40:10.326Z info: 用户查询开始
2020-11-04T02:40:10.335Z info: 用户查询结束
2020-11-04T02:42:42.005Z info: 用户查询开始
2020-11-04T02:42:42.023Z info: 用户查询结束
2020-11-04T02:42:46.029Z info: 调用用户登录接口开始admin admin@123
2020-11-04T02:42:46.036Z info: 用户登录成功
2020-11-04T02:42:46.051Z info: 用户查询开始
2020-11-04T02:42:46.058Z info: 用户查询结束
2020-11-04T03:19:02.311Z info: 用户查询开始
2020-11-04T03:19:02.324Z info: 用户查询结束
2020-11-04T03:19:18.557Z info: 用户查询开始
2020-11-04T03:19:18.570Z info: 用户查询结束
2020-11-04T03:21:02.274Z info: 用户查询开始
2020-11-04T03:21:02.291Z info: 用户查询结束
2020-11-04T03:21:33.453Z info: 用户查询开始
2020-11-04T03:21:33.462Z info: 用户查询结束
2020-11-04T03:22:37.510Z info: 用户查询开始
2020-11-04T03:22:37.524Z info: 用户查询结束
2020-11-04T03:23:52.113Z info: 数据库连接成功
2020-11-04T03:23:52.179Z warn: 配置路由
2020-11-04T03:23:52.184Z warn: 3000---
2020-11-04T08:57:50.615Z info: 用户查询开始
2020-11-04T08:57:50.636Z info: 用户查询结束
2020-11-05T01:46:23.606Z info: 数据库连接成功
2020-11-05T01:46:23.673Z warn: 配置路由
2020-11-05T01:46:23.678Z warn: 3000---
2020-11-05T01:46:30.349Z info: 调用用户登录接口开始admin admin@123
2020-11-05T01:46:30.485Z info: 用户登录成功
2020-11-05T01:46:31.532Z info: 用户查询开始
2020-11-05T01:46:31.540Z info: 用户查询结束
2020-11-05T01:51:11.093Z info: 用户查询开始
2020-11-05T01:51:11.103Z info: 用户查询结束
2020-11-05T01:52:35.302Z info: 用户查询开始
2020-11-05T01:52:35.311Z info: 用户查询结束
2020-11-05T02:03:38.314Z info: 用户查询开始
2020-11-05T02:03:38.326Z info: 用户查询结束
2020-11-05T02:05:16.858Z info: 用户查询开始
2020-11-05T02:05:16.866Z info: 用户查询结束
2020-11-05T02:06:05.553Z info: 用户查询开始
2020-11-05T02:06:05.569Z info: 用户查询结束
2020-11-05T02:06:08.522Z info: 用户查询开始
2020-11-05T02:06:08.528Z info: 用户查询结束
2020-11-05T02:06:35.508Z info: 用户查询开始
2020-11-05T02:06:35.518Z info: 用户查询结束
2020-11-05T07:50:45.706Z info: 用户查询开始
2020-11-05T07:50:45.730Z info: 用户查询结束
2020-11-05T07:55:11.590Z info: 用户查询开始
2020-11-05T07:55:11.601Z info: 用户查询结束
2020-11-05T08:21:54.927Z info: 调用用户登录接口开始admin admin@123
2020-11-05T08:21:54.950Z info: 用户登录成功
2020-11-05T08:21:55.811Z info: 用户查询开始
2020-11-05T08:21:55.817Z info: 用户查询结束
2020-11-05T08:59:18.646Z info: 用户查询开始
2020-11-05T08:59:18.671Z info: 用户查询结束
2020-11-05T09:03:32.248Z info: 用户查询开始
2020-11-05T09:03:32.264Z info: 用户查询结束
2020-11-05T10:25:02.373Z info: 用户查询开始
2020-11-05T10:25:02.392Z info: 用户查询结束
2020-11-05T10:34:44.763Z info: 用户查询开始
2020-11-05T10:34:44.774Z info: 用户查询结束
2020-11-05T10:35:22.681Z info: 用户查询开始
2020-11-05T10:35:22.694Z info: 用户查询结束
2020-11-05T10:36:03.805Z info: 用户查询开始
2020-11-05T10:36:03.822Z info: 用户查询结束
2020-11-06T01:43:17.382Z info: 用户查询开始
2020-11-06T01:43:17.421Z info: 用户查询结束
